<?xml version="1.0" encoding="UTF-8"?>
<testsuite xmlns:xsi="http://www.w3.org/2001/XMLSchema-instance" xsi:noNamespaceSchemaLocation="https://maven.apache.org/surefire/maven-surefire-plugin/xsd/surefire-test-report-3.0.xsd" version="3.0" name="dk.backend.rest.authentication.AuthenticationResourceTest" time="0.835" tests="8" errors="0" skipped="0" failures="0">
  <properties>
[...]
</properties>
  <testcase name="testLogin" classname="dk.backend.rest.authentication.AuthenticationResourceTest" time="0.09">
    <system-out><![CDATA[2023-05-25 10:50:57,156 [main] &amp#27;[34mINFO &amp#27;[0;39m &amp#27;[36morg.jboss.weld.Bootstrap&amp#27;[0;39m - &amp#27;[32mWELD-ENV-000014: Falling back to Java Reflection for bean-discovery-mode="annotated" discovery. Add org.jboss:jandex to the classpath to speed-up startup.
&amp#27;[0;39m2023-05-25 10:50:57,157 [main] &amp#27;[34mINFO &amp#27;[0;39m &amp#27;[36morg.jboss.weld.Bootstrap&amp#27;[0;39m - &amp#27;[32mWELD-000101: Transactional services not available. Injection of @Inject UserTransaction not available. Transactional observers will be invoked synchronously.
&amp#27;[0;39m2023-05-25 10:50:57,203 [main] &amp#27;[34mINFO &amp#27;[0;39m &amp#27;[36morg.jboss.weld.Bootstrap&amp#27;[0;39m - &amp#27;[32mWELD-ENV-002003: Weld SE container 9da1f12f-f689-46e0-95e5-7b4bc7e41e0d initialized
&amp#27;[0;39mUsing the TEST database via persistence-unit --> pu-test 
Using the TEST database via persistence-unit --> pu-test 
2023-05-25 10:50:57,477 [grizzly-http-server-0] &amp#27;[34mINFO &amp#27;[0;39m &amp#27;[36md.backend.rest.ContainerReqResFilter&amp#27;[0;39m - &amp#27;[32mRequest path: auth/login, method: POST, status: 200
&amp#27;[0;39m2023-05-25 10:50:57,477 [grizzly-http-server-0] &amp#27;[34mINFO &amp#27;[0;39m &amp#27;[36md.backend.rest.ContainerReqResFilter&amp#27;[0;39m - &amp#27;[32mResponse body: {"username":"admintest","token":"eyJlbmMiOiJBMTI4Q0JDLUhTMjU2IiwiYWxnIjoiZGlyIn0..km5oEfpaMqMzbIqvZ-sizw.jGaDRPy5XFdMfTen3xQxaNmt5Sw7O1MNHQX5O_ImvKvchF-v4Kpd3UD_YcxsNHomRxRCDdxr9tMi9g21zyysaiegBdX_LfeRoGiJ9yNt6WvWe12_Ld6zTlOXNkkZaaPROp1CkciUDZyTe95t0wl5eA.Z46q2JN6YIVAwG9AKUVCQA"}
&amp#27;[0;39mUsing the TEST database via persistence-unit --> pu-test 
2023-05-25 10:50:57,566 [grizzly-http-server-1] &amp#27;[34mINFO &amp#27;[0;39m &amp#27;[36md.backend.rest.ContainerReqResFilter&amp#27;[0;39m - &amp#27;[32mRequest path: auth/login, method: POST, status: 200
&amp#27;[0;39m2023-05-25 10:50:57,566 [grizzly-http-server-1] &amp#27;[34mINFO &amp#27;[0;39m &amp#27;[36md.backend.rest.ContainerReqResFilter&amp#27;[0;39m - &amp#27;[32mResponse body: {"username":"usertest","token":"eyJlbmMiOiJBMTI4Q0JDLUhTMjU2IiwiYWxnIjoiZGlyIn0..WgNhqCwuqOP8ov17b37Htw.tZTctAAx0rZKXhzl4It5o1vmFbcJ9m6QKnGD7h3TL0sowqbmeeAwiUW8XMFYka_HaPkEQe7tLzS8JdHCpa9aEEn5z_vZPIOokqGq9eLCKn49-QwY2yes7Egp_9EciO-K.2ZdM4XVpJgwJIE_PDglKyg"}
&amp#27;[0;39mUsing the TEST database via persistence-unit --> pu-test 
2023-05-25 10:50:57,645 [grizzly-http-server-2] &amp#27;[34mINFO &amp#27;[0;39m &amp#27;[36md.backend.rest.ContainerReqResFilter&amp#27;[0;39m - &amp#27;[32mRequest path: auth/login, method: POST, status: 200
&amp#27;[0;39m2023-05-25 10:50:57,645 [grizzly-http-server-2] &amp#27;[34mINFO &amp#27;[0;39m &amp#27;[36md.backend.rest.ContainerReqResFilter&amp#27;[0;39m - &amp#27;[32mResponse body: {"username":"usertest","token":"eyJlbmMiOiJBMTI4Q0JDLUhTMjU2IiwiYWxnIjoiZGlyIn0..PWiVRlnVJ4HP-w7NfVFlug.z3CtxXzYuePH-rjIK_E90njHhjLswjAZOvsq4ecPPOzNfUiD_GhlKurFxLly4qUpHzc7Z414UqR6afx6kiZfSiZ8JEZVO4L_-Nw249kuVAZMna7IVWQzjiSqLymwOl6l.Yd4zWhCAXJIW8Nd5fJvGtg"}
&amp#27;[0;39m]]></system-out>
    <system-err><![CDATA[May 25, 2023 10:50:57 AM org.glassfish.grizzly.http.server.NetworkListener start
INFO: Started listener bound to [localhost:7777]
May 25, 2023 10:50:57 AM org.glassfish.grizzly.http.server.HttpServer start
INFO: [HttpServer-1] Started.
]]></system-err>
  </testcase>
  <testcase name="userAuthorized" classname="dk.backend.rest.authentication.AuthenticationResourceTest" time="0.049">
    <system-out><![CDATA[Using the TEST database via persistence-unit --> pu-test 
2023-05-25 10:50:57,700 [grizzly-http-server-3] &amp#27;[34mINFO &amp#27;[0;39m &amp#27;[36md.backend.rest.ContainerReqResFilter&amp#27;[0;39m - &amp#27;[32mRequest path: auth/user, method: GET, status: 200
&amp#27;[0;39m2023-05-25 10:50:57,700 [grizzly-http-server-3] &amp#27;[34mINFO &amp#27;[0;39m &amp#27;[36md.backend.rest.ContainerReqResFilter&amp#27;[0;39m - &amp#27;[32mResponse body: {"message" : "You are authenticated to access this endpoint"}
&amp#27;[0;39m]]></system-out>
  </testcase>
  <testcase name="userUnauthorized" classname="dk.backend.rest.authentication.AuthenticationResourceTest" time="0.043">
    <system-out><![CDATA[2023-05-25 10:50:57,746 [grizzly-http-server-4] &amp#27;[34mINFO &amp#27;[0;39m &amp#27;[36md.backend.rest.ContainerReqResFilter&amp#27;[0;39m - &amp#27;[32mRequest path: auth/user, method: GET, status: 401
&amp#27;[0;39m2023-05-25 10:50:57,746 [grizzly-http-server-4] &amp#27;[34mINFO &amp#27;[0;39m &amp#27;[36md.backend.rest.ContainerReqResFilter&amp#27;[0;39m - &amp#27;[32mResponse body: {
  "code": 401,
  "message": "Error processing request for path \u0027auth/user\u0027: You are not authorized to perform the requested operation"
}
&amp#27;[0;39m]]></system-out>
  </testcase>
  <testcase name="all" classname="dk.backend.rest.authentication.AuthenticationResourceTest" time="0.024">
    <system-out><![CDATA[Using the TEST database via persistence-unit --> pu-test 
2023-05-25 10:50:57,774 [grizzly-http-server-5] &amp#27;[34mINFO &amp#27;[0;39m &amp#27;[36md.backend.rest.ContainerReqResFilter&amp#27;[0;39m - &amp#27;[32mRequest path: auth/all, method: GET, status: 200
&amp#27;[0;39m2023-05-25 10:50:57,774 [grizzly-http-server-5] &amp#27;[34mINFO &amp#27;[0;39m &amp#27;[36md.backend.rest.ContainerReqResFilter&amp#27;[0;39m - &amp#27;[32mResponse body: {"message" : "You are authenticated to access this endpoint"}
&amp#27;[0;39m]]></system-out>
  </testcase>
  <testcase name="testRegister" classname="dk.backend.rest.authentication.AuthenticationResourceTest" time="0.101">
    <system-out><![CDATA[Using the TEST database via persistence-unit --> pu-test 
2023-05-25 10:50:57,867 [grizzly-http-server-6] &amp#27;[34mINFO &amp#27;[0;39m &amp#27;[36md.backend.rest.ContainerReqResFilter&amp#27;[0;39m - &amp#27;[32mRequest path: auth/register, method: POST, status: 201
&amp#27;[0;39m2023-05-25 10:50:57,867 [grizzly-http-server-6] &amp#27;[34mINFO &amp#27;[0;39m &amp#27;[36md.backend.rest.ContainerReqResFilter&amp#27;[0;39m - &amp#27;[32mResponse body: {"username":"register","token":"eyJlbmMiOiJBMTI4Q0JDLUhTMjU2IiwiYWxnIjoiZGlyIn0..JbewC-WJLGgDDzmlwRnCvw.rLOXkACyoonTrvUchfkAa-NV1yWYshjCRVVDMC3T755-LvluEe1iS1qQpN7piTMsaHxHp5fWMKwrT6y9qcWeE9o7zYZVl3oUOQqYQMG-7_r3aqUq_j-CMEBNB_NdrNEj.Yh9WyMlruxWF9wMrLCQajA"}
&amp#27;[0;39m]]></system-out>
  </testcase>
  <testcase name="adminAuthorized" classname="dk.backend.rest.authentication.AuthenticationResourceTest" time="0.023">
    <system-out><![CDATA[Using the TEST database via persistence-unit --> pu-test 
2023-05-25 10:50:57,898 [grizzly-http-server-7] &amp#27;[34mINFO &amp#27;[0;39m &amp#27;[36md.backend.rest.ContainerReqResFilter&amp#27;[0;39m - &amp#27;[32mRequest path: auth/admin, method: GET, status: 200
&amp#27;[0;39m2023-05-25 10:50:57,898 [grizzly-http-server-7] &amp#27;[34mINFO &amp#27;[0;39m &amp#27;[36md.backend.rest.ContainerReqResFilter&amp#27;[0;39m - &amp#27;[32mResponse body: {"message" : "You are authenticated to access this endpoint"}
&amp#27;[0;39m]]></system-out>
  </testcase>
  <testcase name="adminUnauthorized" classname="dk.backend.rest.authentication.AuthenticationResourceTest" time="0.021">
    <system-out><![CDATA[2023-05-25 10:50:57,919 [grizzly-http-server-8] &amp#27;[34mINFO &amp#27;[0;39m &amp#27;[36md.backend.rest.ContainerReqResFilter&amp#27;[0;39m - &amp#27;[32mRequest path: auth/admin, method: GET, status: 401
&amp#27;[0;39m2023-05-25 10:50:57,919 [grizzly-http-server-8] &amp#27;[34mINFO &amp#27;[0;39m &amp#27;[36md.backend.rest.ContainerReqResFilter&amp#27;[0;39m - &amp#27;[32mResponse body: {
  "code": 401,
  "message": "Error processing request for path \u0027auth/admin\u0027: You are not authorized to perform the requested operation"
}
&amp#27;[0;39m]]></system-out>
  </testcase>
  <testcase name="denyAll" classname="dk.backend.rest.authentication.AuthenticationResourceTest" time="0.023">
    <system-out><![CDATA[2023-05-25 10:50:57,944 [grizzly-http-server-9] &amp#27;[34mINFO &amp#27;[0;39m &amp#27;[36md.backend.rest.ContainerReqResFilter&amp#27;[0;39m - &amp#27;[32mRequest path: auth/denyall, method: GET, status: 401
&amp#27;[0;39m2023-05-25 10:50:57,944 [grizzly-http-server-9] &amp#27;[34mINFO &amp#27;[0;39m &amp#27;[36md.backend.rest.ContainerReqResFilter&amp#27;[0;39m - &amp#27;[32mResponse body: {
  "code": 401,
  "message": "Error processing request for path \u0027auth/denyall\u0027: HTTP 401 Unauthorized"
}
&amp#27;[0;39m]]></system-out>
  </testcase>
</testsuite>