<?xml version="1.0" encoding="UTF-8"?>
<testsuite xmlns:xsi="http://www.w3.org/2001/XMLSchema-instance" xsi:noNamespaceSchemaLocation="https://maven.apache.org/surefire/maven-surefire-plugin/xsd/surefire-test-report-3.0.xsd" version="3.0" name="dk.backend.integration.UserFacadeTest" time="16.98" tests="3" errors="0" skipped="0" failures="0">
  <properties>
[...]
</properties>
  <testcase name="getVerifiedUser" classname="dk.backend.integration.UserFacadeTest" time="0.073">
    <system-out><![CDATA[Using the TEST database via persistence-unit --> pu-test 
[EL Info]: 2023-05-25 10:50:38.558--ServerSession(1182311147)--EclipseLink, version: Eclipse Persistence Services - 3.0.2.v202107160933
2023-05-25 10:50:38,704 [main] &amp#27;[34mINFO &amp#27;[0;39m &amp#27;[36mo.t.utility.ImageNameSubstitutor&amp#27;[0;39m - &amp#27;[32mImage name substitution will be performed by: DefaultImageNameSubstitutor (composite of 'ConfigurationFileImageNameSubstitutor' and 'PrefixingImageNameSubstitutor')
&amp#27;[0;39m2023-05-25 10:50:38,870 [main] &amp#27;[34mINFO &amp#27;[0;39m &amp#27;[36mo.t.d.DockerClientProviderStrategy&amp#27;[0;39m - &amp#27;[32mLoaded org.testcontainers.dockerclient.UnixSocketClientProviderStrategy from ~/.testcontainers.properties, will try it first
&amp#27;[0;39m2023-05-25 10:50:39,079 [main] &amp#27;[34mINFO &amp#27;[0;39m &amp#27;[36mo.t.d.DockerClientProviderStrategy&amp#27;[0;39m - &amp#27;[32mFound Docker environment with local Unix socket (unix:///var/run/docker.sock)
&amp#27;[0;39m2023-05-25 10:50:39,081 [main] &amp#27;[34mINFO &amp#27;[0;39m &amp#27;[36mo.testcontainers.DockerClientFactory&amp#27;[0;39m - &amp#27;[32mDocker host IP address is localhost
&amp#27;[0;39m2023-05-25 10:50:39,093 [main] &amp#27;[34mINFO &amp#27;[0;39m &amp#27;[36mo.testcontainers.DockerClientFactory&amp#27;[0;39m - &amp#27;[32mConnected to docker: 
  Server Version: 24.0.1
  API Version: 1.43
  Operating System: Pop!_OS 22.04 LTS
  Total Memory: 15339 MB
&amp#27;[0;39m2023-05-25 10:50:39,119 [main] &amp#27;[34mINFO &amp#27;[0;39m &amp#27;[36mtc.testcontainers/ryuk:0.4.0&amp#27;[0;39m - &amp#27;[32mCreating container for image: testcontainers/ryuk:0.4.0
&amp#27;[0;39m2023-05-25 10:50:39,234 [main] &amp#27;[34mINFO &amp#27;[0;39m &amp#27;[36mtc.testcontainers/ryuk:0.4.0&amp#27;[0;39m - &amp#27;[32mContainer testcontainers/ryuk:0.4.0 is starting: a9ba544db37ef06743530863b8d6148d83303506d604061e56d44253e47b8054
&amp#27;[0;39m2023-05-25 10:50:39,611 [main] &amp#27;[34mINFO &amp#27;[0;39m &amp#27;[36mtc.testcontainers/ryuk:0.4.0&amp#27;[0;39m - &amp#27;[32mContainer testcontainers/ryuk:0.4.0 started in PT0.511024047S
&amp#27;[0;39m2023-05-25 10:50:39,615 [main] &amp#27;[34mINFO &amp#27;[0;39m &amp#27;[36mo.t.utility.RyukResourceReaper&amp#27;[0;39m - &amp#27;[32mRyuk started - will monitor and terminate Testcontainers containers on JVM exit
&amp#27;[0;39m2023-05-25 10:50:39,615 [main] &amp#27;[34mINFO &amp#27;[0;39m &amp#27;[36mo.testcontainers.DockerClientFactory&amp#27;[0;39m - &amp#27;[32mChecking the system...
&amp#27;[0;39m2023-05-25 10:50:39,616 [main] &amp#27;[34mINFO &amp#27;[0;39m &amp#27;[36mo.testcontainers.DockerClientFactory&amp#27;[0;39m - &amp#27;[32m✔︎ Docker server version should be at least 1.6.0
&amp#27;[0;39m2023-05-25 10:50:39,618 [main] &amp#27;[34mINFO &amp#27;[0;39m &amp#27;[36mtc.mysql:8.0.0&amp#27;[0;39m - &amp#27;[32mCreating container for image: mysql:8.0.0
&amp#27;[0;39m2023-05-25 10:50:39,673 [main] &amp#27;[34mINFO &amp#27;[0;39m &amp#27;[36mtc.mysql:8.0.0&amp#27;[0;39m - &amp#27;[32mContainer mysql:8.0.0 is starting: c3d77fded27453f054b585fd6a6bbdd8f52dd0e52fb3266bd377f308558d200d
&amp#27;[0;39m2023-05-25 10:50:39,954 [main] &amp#27;[34mINFO &amp#27;[0;39m &amp#27;[36mtc.mysql:8.0.0&amp#27;[0;39m - &amp#27;[32mWaiting for database connection to become available at jdbc:mysql://localhost:32769/test using query 'SELECT 1'
&amp#27;[0;39m2023-05-25 10:50:47,067 [main] &amp#27;[34mINFO &amp#27;[0;39m &amp#27;[36mtc.mysql:8.0.0&amp#27;[0;39m - &amp#27;[32mContainer mysql:8.0.0 started in PT7.44918329S
&amp#27;[0;39m2023-05-25 10:50:47,067 [main] &amp#27;[34mINFO &amp#27;[0;39m &amp#27;[36mtc.mysql:8.0.0&amp#27;[0;39m - &amp#27;[32mContainer is started (JDBC URL: jdbc:mysql://localhost:32769/test)
&amp#27;[0;39m2023-05-25 10:50:47,521 [main] &amp#27;[34mINFO &amp#27;[0;39m &amp#27;[36mtc.mysql:8.0.0&amp#27;[0;39m - &amp#27;[32mCreating container for image: mysql:8.0.0
&amp#27;[0;39m2023-05-25 10:50:47,578 [main] &amp#27;[34mINFO &amp#27;[0;39m &amp#27;[36mtc.mysql:8.0.0&amp#27;[0;39m - &amp#27;[32mContainer mysql:8.0.0 is starting: eceaafae6476b21c45d0bd2948c9375c0ec40142a29f6aabdd6bda4a1b8c7816
&amp#27;[0;39m2023-05-25 10:50:47,850 [main] &amp#27;[34mINFO &amp#27;[0;39m &amp#27;[36mtc.mysql:8.0.0&amp#27;[0;39m - &amp#27;[32mWaiting for database connection to become available at jdbc:mysql://localhost:32770/test using query 'SELECT 1'
&amp#27;[0;39m2023-05-25 10:50:54,707 [main] &amp#27;[34mINFO &amp#27;[0;39m &amp#27;[36mtc.mysql:8.0.0&amp#27;[0;39m - &amp#27;[32mContainer mysql:8.0.0 started in PT7.186317215S
&amp#27;[0;39m2023-05-25 10:50:54,707 [main] &amp#27;[34mINFO &amp#27;[0;39m &amp#27;[36mtc.mysql:8.0.0&amp#27;[0;39m - &amp#27;[32mContainer is started (JDBC URL: jdbc:mysql://localhost:32770/test)
&amp#27;[0;39m]]></system-out>
  </testcase>
  <testcase name="createRole" classname="dk.backend.integration.UserFacadeTest" time="0.008"/>
  <testcase name="createUser" classname="dk.backend.integration.UserFacadeTest" time="0.06">
    <system-out><![CDATA[[dk.backend.entities.Role@1cf336fd]
]]></system-out>
  </testcase>
</testsuite>