<?xml version="1.0" encoding="UTF-8"?>
<testsuite xmlns:xsi="http://www.w3.org/2001/XMLSchema-instance" xsi:noNamespaceSchemaLocation="https://maven.apache.org/surefire/maven-surefire-plugin/xsd/surefire-test-report-3.0.xsd" version="3.0" name="dk.startcode.rest.authentication.AuthenticationResourceTest" time="0.826" tests="8" errors="0" skipped="0" failures="0">
  <properties>
[...]
</properties>
  <testcase name="testLogin" classname="dk.startcode.rest.authentication.AuthenticationResourceTest" time="0.09">
    <system-out><![CDATA[2023-05-08 13:19:11,528 [main] &amp#27;[39mDEBUG&amp#27;[0;39m &amp#27;[36morg.jboss.weld.Bootstrap&amp#27;[0;39m - &amp#27;[32mWELD-ENV-000030: Cannot load class using the ResourceLoader: org.jboss.jandex.Index
&amp#27;[0;39m2023-05-08 13:19:11,531 [main] &amp#27;[39mDEBUG&amp#27;[0;39m &amp#27;[36mo.j.w.e.d.d.DefaultBeanArchiveScanner&amp#27;[0;39m - &amp#27;[32mResolved bean archive reference: /home/jorg/Work/3_semester/startcode/startCode3semNew/target/classes for URL: file:/home/jorg/Work/3_semester/startcode/startCode3semNew/target/classes/META-INF/beans.xml
&amp#27;[0;39m2023-05-08 13:19:11,531 [main] &amp#27;[39mDEBUG&amp#27;[0;39m &amp#27;[36morg.jboss.weld.Bootstrap&amp#27;[0;39m - &amp#27;[32mWELD-ENV-000032: Processing bean archive reference: /home/jorg/Work/3_semester/startcode/startCode3semNew/target/classes
&amp#27;[0;39m2023-05-08 13:19:11,531 [main] &amp#27;[39mDEBUG&amp#27;[0;39m &amp#27;[36mo.j.w.e.d.d.FileSystemBeanArchiveHandler&amp#27;[0;39m - &amp#27;[32mHandle path: /home/jorg/Work/3_semester/startcode/startCode3semNew/target/classes
&amp#27;[0;39m2023-05-08 13:19:11,531 [main] &amp#27;[39mDEBUG&amp#27;[0;39m &amp#27;[36mo.j.w.e.d.d.FileSystemBeanArchiveHandler&amp#27;[0;39m - &amp#27;[32mHandle directory: /home/jorg/Work/3_semester/startcode/startCode3semNew/target/classes
&amp#27;[0;39m2023-05-08 13:19:11,531 [main] &amp#27;[39mDEBUG&amp#27;[0;39m &amp#27;[36mo.j.w.e.d.d.FileSystemBeanArchiveHandler&amp#27;[0;39m - &amp#27;[32mHandle directory: /home/jorg/Work/3_semester/startcode/startCode3semNew/target/classes/dk
&amp#27;[0;39m2023-05-08 13:19:11,531 [main] &amp#27;[39mDEBUG&amp#27;[0;39m &amp#27;[36mo.j.w.e.d.d.FileSystemBeanArchiveHandler&amp#27;[0;39m - &amp#27;[32mHandle directory: /home/jorg/Work/3_semester/startcode/startCode3semNew/target/classes/dk/startcode
&amp#27;[0;39m2023-05-08 13:19:11,531 [main] &amp#27;[39mDEBUG&amp#27;[0;39m &amp#27;[36mo.j.w.e.d.d.FileSystemBeanArchiveHandler&amp#27;[0;39m - &amp#27;[32mHandle directory: /home/jorg/Work/3_semester/startcode/startCode3semNew/target/classes/dk/startcode/entities
&amp#27;[0;39m2023-05-08 13:19:11,531 [main] &amp#27;[39mDEBUG&amp#27;[0;39m &amp#27;[36mo.j.w.e.d.d.FileSystemBeanArchiveHandler&amp#27;[0;39m - &amp#27;[32mHandle directory: /home/jorg/Work/3_semester/startcode/startCode3semNew/target/classes/dk/startcode/dtos
&amp#27;[0;39m2023-05-08 13:19:11,531 [main] &amp#27;[39mDEBUG&amp#27;[0;39m &amp#27;[36mo.j.w.e.d.d.FileSystemBeanArchiveHandler&amp#27;[0;39m - &amp#27;[32mHandle directory: /home/jorg/Work/3_semester/startcode/startCode3semNew/target/classes/dk/startcode/utilty
&amp#27;[0;39m2023-05-08 13:19:11,531 [main] &amp#27;[39mDEBUG&amp#27;[0;39m &amp#27;[36mo.j.w.e.d.d.FileSystemBeanArchiveHandler&amp#27;[0;39m - &amp#27;[32mHandle directory: /home/jorg/Work/3_semester/startcode/startCode3semNew/target/classes/dk/startcode/security
&amp#27;[0;39m2023-05-08 13:19:11,531 [main] &amp#27;[39mDEBUG&amp#27;[0;39m &amp#27;[36mo.j.w.e.d.d.FileSystemBeanArchiveHandler&amp#27;[0;39m - &amp#27;[32mHandle directory: /home/jorg/Work/3_semester/startcode/startCode3semNew/target/classes/dk/startcode/facade
&amp#27;[0;39m2023-05-08 13:19:11,531 [main] &amp#27;[39mDEBUG&amp#27;[0;39m &amp#27;[36mo.j.w.e.d.d.FileSystemBeanArchiveHandler&amp#27;[0;39m - &amp#27;[32mHandle directory: /home/jorg/Work/3_semester/startcode/startCode3semNew/target/classes/dk/startcode/facade/user
&amp#27;[0;39m2023-05-08 13:19:11,531 [main] &amp#27;[39mDEBUG&amp#27;[0;39m &amp#27;[36mo.j.w.e.d.d.FileSystemBeanArchiveHandler&amp#27;[0;39m - &amp#27;[32mHandle directory: /home/jorg/Work/3_semester/startcode/startCode3semNew/target/classes/dk/startcode/exceptions
&amp#27;[0;39m2023-05-08 13:19:11,532 [main] &amp#27;[39mDEBUG&amp#27;[0;39m &amp#27;[36mo.j.w.e.d.d.FileSystemBeanArchiveHandler&amp#27;[0;39m - &amp#27;[32mHandle directory: /home/jorg/Work/3_semester/startcode/startCode3semNew/target/classes/dk/startcode/exceptions/authentication
&amp#27;[0;39m2023-05-08 13:19:11,532 [main] &amp#27;[39mDEBUG&amp#27;[0;39m &amp#27;[36mo.j.w.e.d.d.FileSystemBeanArchiveHandler&amp#27;[0;39m - &amp#27;[32mHandle directory: /home/jorg/Work/3_semester/startcode/startCode3semNew/target/classes/dk/startcode/rest
&amp#27;[0;39m2023-05-08 13:19:11,532 [main] &amp#27;[39mDEBUG&amp#27;[0;39m &amp#27;[36mo.j.w.e.d.d.FileSystemBeanArchiveHandler&amp#27;[0;39m - &amp#27;[32mHandle directory: /home/jorg/Work/3_semester/startcode/startCode3semNew/target/classes/META-INF
&amp#27;[0;39m2023-05-08 13:19:11,532 [main] &amp#27;[39mDEBUG&amp#27;[0;39m &amp#27;[36morg.jboss.weld.Bootstrap&amp#27;[0;39m - &amp#27;[32mWELD-ENV-000039: Bean archive reference /home/jorg/Work/3_semester/startcode/startCode3semNew/target/classes handled by org.jboss.weld.environment.deployment.discovery.FileSystemBeanArchiveHandler@3031d9e9
&amp#27;[0;39m2023-05-08 13:19:11,532 [main] &amp#27;[34mINFO &amp#27;[0;39m &amp#27;[36morg.jboss.weld.Bootstrap&amp#27;[0;39m - &amp#27;[32mWELD-ENV-000014: Falling back to Java Reflection for bean-discovery-mode="annotated" discovery. Add org.jboss:jandex to the classpath to speed-up startup.
&amp#27;[0;39m2023-05-08 13:19:11,532 [main] &amp#27;[39mDEBUG&amp#27;[0;39m &amp#27;[36morg.jboss.weld.Bootstrap&amp#27;[0;39m - &amp#27;[32mEmpty bean deployment archive ignored: /home/jorg/Work/3_semester/startcode/startCode3semNew/target/classes
&amp#27;[0;39m2023-05-08 13:19:11,532 [main] &amp#27;[39mDEBUG&amp#27;[0;39m &amp#27;[36morg.jboss.weld.Bootstrap&amp#27;[0;39m - &amp#27;[32mWELD-ENV-000024: Archive isolation enabled - creating multiple isolated bean archives if needed
&amp#27;[0;39m2023-05-08 13:19:11,532 [main] &amp#27;[39mDEBUG&amp#27;[0;39m &amp#27;[36morg.jboss.weld.BootstrapTracker&amp#27;[0;39m - &amp#27;[32mSTART bootstrap 
&amp#27;[0;39m2023-05-08 13:19:11,532 [main] &amp#27;[39mDEBUG&amp#27;[0;39m &amp#27;[36morg.jboss.weld.BootstrapTracker&amp#27;[0;39m - &amp#27;[32mSTART bootstrap > startContainer 
&amp#27;[0;39m2023-05-08 13:19:11,533 [main] &amp#27;[39mDEBUG&amp#27;[0;39m &amp#27;[36morg.jboss.weld.Configuration&amp#27;[0;39m - &amp#27;[32mWELD-001902: Following configuration was detected and applied: {org.jboss.weld.executor.threadPoolType=COMMON, org.jboss.weld.construction.relaxed=true, org.jboss.weld.bootstrap.allowOptimizedCleanup=true}
&amp#27;[0;39m2023-05-08 13:19:11,533 [main] &amp#27;[39mDEBUG&amp#27;[0;39m &amp#27;[36morg.jboss.weld.BootstrapTracker&amp#27;[0;39m - &amp#27;[32mSTART bootstrap > startContainer > initServices 
&amp#27;[0;39m2023-05-08 13:19:11,533 [main] &amp#27;[39mDEBUG&amp#27;[0;39m &amp#27;[36morg.jboss.weld.Bootstrap&amp#27;[0;39m - &amp#27;[32mUsing Weld modules: []
&amp#27;[0;39m2023-05-08 13:19:11,534 [main] &amp#27;[39mDEBUG&amp#27;[0;39m &amp#27;[36morg.jboss.weld.Bootstrap&amp#27;[0;39m - &amp#27;[32mUsing instantiator: org.jboss.weld.bean.proxy.UnsafeProxyInstantiator
&amp#27;[0;39m2023-05-08 13:19:11,534 [main] &amp#27;[39mDEBUG&amp#27;[0;39m &amp#27;[36morg.jboss.weld.BootstrapTracker&amp#27;[0;39m - &amp#27;[32m  END bootstrap > startContainer > initServices (0 ms)
&amp#27;[0;39m2023-05-08 13:19:11,534 [main] &amp#27;[34mINFO &amp#27;[0;39m &amp#27;[36morg.jboss.weld.Bootstrap&amp#27;[0;39m - &amp#27;[32mWELD-000101: Transactional services not available. Injection of @Inject UserTransaction not available. Transactional observers will be invoked synchronously.
&amp#27;[0;39m2023-05-08 13:19:11,534 [main] &amp#27;[39mDEBUG&amp#27;[0;39m &amp#27;[36morg.jboss.weld.BootstrapTracker&amp#27;[0;39m - &amp#27;[32mSTART bootstrap > startContainer > builtinContexts 
&amp#27;[0;39m2023-05-08 13:19:11,535 [main] &amp#27;[39mDEBUG&amp#27;[0;39m &amp#27;[36morg.jboss.weld.Bootstrap&amp#27;[0;39m - &amp#27;[32mWELD-000106: Bean: WELD%AbstractBuiltInBean%deployment%ApplicationContext
&amp#27;[0;39m2023-05-08 13:19:11,535 [main] &amp#27;[39mDEBUG&amp#27;[0;39m &amp#27;[36morg.jboss.weld.Reflection&amp#27;[0;39m - &amp#27;[32mWELD-000601: interface jakarta.inject.Singleton is missing @Target. Weld will use this annotation, however this may make the application unportable.
&amp#27;[0;39m2023-05-08 13:19:11,535 [main] &amp#27;[39mDEBUG&amp#27;[0;39m &amp#27;[36morg.jboss.weld.Bootstrap&amp#27;[0;39m - &amp#27;[32mWELD-000106: Bean: WELD%AbstractBuiltInBean%deployment%SingletonContext
&amp#27;[0;39m2023-05-08 13:19:11,535 [main] &amp#27;[39mDEBUG&amp#27;[0;39m &amp#27;[36morg.jboss.weld.Bootstrap&amp#27;[0;39m - &amp#27;[32mWELD-000106: Bean: WELD%AbstractBuiltInBean%deployment%BoundSessionContext
&amp#27;[0;39m2023-05-08 13:19:11,535 [main] &amp#27;[39mDEBUG&amp#27;[0;39m &amp#27;[36morg.jboss.weld.Bootstrap&amp#27;[0;39m - &amp#27;[32mWELD-000106: Bean: WELD%AbstractBuiltInBean%deployment%BoundConversationContext
&amp#27;[0;39m2023-05-08 13:19:11,535 [main] &amp#27;[39mDEBUG&amp#27;[0;39m &amp#27;[36morg.jboss.weld.Bootstrap&amp#27;[0;39m - &amp#27;[32mWELD-000106: Bean: WELD%AbstractBuiltInBean%deployment%BoundRequestContext
&amp#27;[0;39m2023-05-08 13:19:11,535 [main] &amp#27;[39mDEBUG&amp#27;[0;39m &amp#27;[36morg.jboss.weld.Bootstrap&amp#27;[0;39m - &amp#27;[32mWELD-000106: Bean: WELD%AbstractBuiltInBean%deployment%RequestContext
&amp#27;[0;39m2023-05-08 13:19:11,535 [main] &amp#27;[39mDEBUG&amp#27;[0;39m &amp#27;[36morg.jboss.weld.Bootstrap&amp#27;[0;39m - &amp#27;[32mWELD-000106: Bean: WELD%AbstractBuiltInBean%deployment%DependentContext
&amp#27;[0;39m2023-05-08 13:19:11,535 [main] &amp#27;[39mDEBUG&amp#27;[0;39m &amp#27;[36morg.jboss.weld.BootstrapTracker&amp#27;[0;39m - &amp#27;[32m  END bootstrap > startContainer > builtinContexts (1 ms)
&amp#27;[0;39m2023-05-08 13:19:11,535 [main] &amp#27;[39mDEBUG&amp#27;[0;39m &amp#27;[36morg.jboss.weld.BootstrapTracker&amp#27;[0;39m - &amp#27;[32mSTART bootstrap > startContainer > readDeploymentStructure 
&amp#27;[0;39m2023-05-08 13:19:11,536 [main] &amp#27;[39mDEBUG&amp#27;[0;39m &amp#27;[36morg.jboss.weld.BootstrapTracker&amp#27;[0;39m - &amp#27;[32m  END bootstrap > startContainer > readDeploymentStructure (0 ms)
&amp#27;[0;39m2023-05-08 13:19:11,536 [main] &amp#27;[39mDEBUG&amp#27;[0;39m &amp#27;[36morg.jboss.weld.BootstrapTracker&amp#27;[0;39m - &amp#27;[32m  END bootstrap > startContainer (3 ms)
&amp#27;[0;39m2023-05-08 13:19:11,536 [main] &amp#27;[39mDEBUG&amp#27;[0;39m &amp#27;[36morg.jboss.weld.BootstrapTracker&amp#27;[0;39m - &amp#27;[32mSTART bootstrap > startInitialization 
&amp#27;[0;39m2023-05-08 13:19:11,536 [main] &amp#27;[39mDEBUG&amp#27;[0;39m &amp#27;[36morg.jboss.weld.Bootstrap&amp#27;[0;39m - &amp#27;[32mWELD-000106: Bean: Built-in Bean [jakarta.enterprise.inject.spi.BeanManager] with qualifiers [@Default]
&amp#27;[0;39m2023-05-08 13:19:11,536 [main] &amp#27;[39mDEBUG&amp#27;[0;39m &amp#27;[36morg.jboss.weld.Bootstrap&amp#27;[0;39m - &amp#27;[32mWELD-000106: Bean: Built-in Bean [org.jboss.weld.manager.BeanManagerImpl] with qualifiers [@Default]
&amp#27;[0;39m2023-05-08 13:19:11,537 [main] &amp#27;[39mDEBUG&amp#27;[0;39m &amp#27;[36morg.jboss.weld.Bootstrap&amp#27;[0;39m - &amp#27;[32mWELD-000106: Bean: Extension [class org.glassfish.jersey.inject.cdi.se.SeBeanRegisterExtension] with qualifiers [@Default]; synthetic:org.glassfish.jersey.inject.cdi.se.SeBeanRegisterExtension
&amp#27;[0;39m2023-05-08 13:19:11,537 [main] &amp#27;[39mDEBUG&amp#27;[0;39m &amp#27;[36morg.jboss.weld.Bootstrap&amp#27;[0;39m - &amp#27;[32mWELD-000168: Extension bean deployed: Extension [class org.glassfish.jersey.inject.cdi.se.SeBeanRegisterExtension] with qualifiers [@Default]; synthetic:org.glassfish.jersey.inject.cdi.se.SeBeanRegisterExtension
&amp#27;[0;39m2023-05-08 13:19:11,538 [main] &amp#27;[39mDEBUG&amp#27;[0;39m &amp#27;[36morg.jboss.weld.Bootstrap&amp#27;[0;39m - &amp#27;[32mWELD-000106: Bean: Extension [class org.jboss.weld.environment.se.WeldSEBeanRegistrant] with qualifiers [@Default]; jar:file:/home/jorg/.m2/repository/org/jboss/weld/se/weld-se-core/5.1.0.Final/weld-se-core-5.1.0.Final.jar!/META-INF/services/jakarta.enterprise.inject.spi.Extension@1[org.jboss.weld.environment.se.WeldSEBeanRegistrant@21f421b8]
&amp#27;[0;39m2023-05-08 13:19:11,538 [main] &amp#27;[39mDEBUG&amp#27;[0;39m &amp#27;[36morg.jboss.weld.Bootstrap&amp#27;[0;39m - &amp#27;[32mWELD-000168: Extension bean deployed: Extension [class org.jboss.weld.environment.se.WeldSEBeanRegistrant] with qualifiers [@Default]; jar:file:/home/jorg/.m2/repository/org/jboss/weld/se/weld-se-core/5.1.0.Final/weld-se-core-5.1.0.Final.jar!/META-INF/services/jakarta.enterprise.inject.spi.Extension@1[org.jboss.weld.environment.se.WeldSEBeanRegistrant@21f421b8]
&amp#27;[0;39m2023-05-08 13:19:11,538 [main] &amp#27;[39mDEBUG&amp#27;[0;39m &amp#27;[36morg.jboss.weld.Bootstrap&amp#27;[0;39m - &amp#27;[32mWELD-000106: Bean: Extension [class org.jboss.weld.bootstrap.WeldExtension] with qualifiers [@Default]; n/a
&amp#27;[0;39m2023-05-08 13:19:11,538 [main] &amp#27;[39mDEBUG&amp#27;[0;39m &amp#27;[36morg.jboss.weld.Bootstrap&amp#27;[0;39m - &amp#27;[32mWELD-000168: Extension bean deployed: Extension [class org.jboss.weld.bootstrap.WeldExtension] with qualifiers [@Default]; n/a
&amp#27;[0;39m2023-05-08 13:19:11,538 [main] &amp#27;[39mDEBUG&amp#27;[0;39m &amp#27;[36morg.jboss.weld.Bootstrap&amp#27;[0;39m - &amp#27;[32mWELD-000106: Bean: Built-in Bean [jakarta.enterprise.inject.spi.BeanManager] with qualifiers [@Default]
&amp#27;[0;39m2023-05-08 13:19:11,538 [main] &amp#27;[39mDEBUG&amp#27;[0;39m &amp#27;[36morg.jboss.weld.Bootstrap&amp#27;[0;39m - &amp#27;[32mWELD-000106: Bean: Built-in Bean [org.jboss.weld.manager.BeanManagerImpl] with qualifiers [@Default]
&amp#27;[0;39m2023-05-08 13:19:11,538 [main] &amp#27;[39mDEBUG&amp#27;[0;39m &amp#27;[36morg.jboss.weld.BootstrapTracker&amp#27;[0;39m - &amp#27;[32mSTART bootstrap > startInitialization > BeforeBeanDiscovery 
&amp#27;[0;39m2023-05-08 13:19:11,539 [main] &amp#27;[39mDEBUG&amp#27;[0;39m &amp#27;[36morg.jboss.weld.Bootstrap&amp#27;[0;39m - &amp#27;[32mWELD-000162: BeforeBeanDiscovery.addAnnotatedType() called by org.jboss.weld.environment.se.WeldSEBeanRegistrant@21f421b8 for [BackedAnnotatedType] public @Vetoed @ApplicationScoped class org.jboss.weld.environment.se.beans.ParametersFactory
&amp#27;[0;39m2023-05-08 13:19:11,539 [main] &amp#27;[39mDEBUG&amp#27;[0;39m &amp#27;[36morg.jboss.weld.Bootstrap&amp#27;[0;39m - &amp#27;[32mWELD-000162: BeforeBeanDiscovery.addAnnotatedType() called by org.jboss.weld.environment.se.WeldSEBeanRegistrant@21f421b8 for [BackedAnnotatedType] public @Decorator class org.jboss.weld.environment.se.threading.RunnableDecorator
&amp#27;[0;39m2023-05-08 13:19:11,539 [main] &amp#27;[39mDEBUG&amp#27;[0;39m &amp#27;[36morg.jboss.weld.Bootstrap&amp#27;[0;39m - &amp#27;[32mWELD-000162: BeforeBeanDiscovery.addAnnotatedType() called by org.jboss.weld.environment.se.WeldSEBeanRegistrant@21f421b8 for [BackedAnnotatedType] public @Vetoed @Interceptor @ActivateThreadScope @Priority class org.jboss.weld.environment.se.contexts.activators.ActivateThreadScopeInterceptor
&amp#27;[0;39m2023-05-08 13:19:11,540 [main] &amp#27;[39mDEBUG&amp#27;[0;39m &amp#27;[36morg.jboss.weld.Bootstrap&amp#27;[0;39m - &amp#27;[32mWELD-000162: BeforeBeanDiscovery.addAnnotatedType() called by org.jboss.weld.bootstrap.WeldExtension@5825932c for [BackedAnnotatedType] public @Vetoed @Interceptor @ActivateRequestContext @Priority class org.jboss.weld.contexts.activator.ActivateRequestContextInterceptor
&amp#27;[0;39m2023-05-08 13:19:11,540 [main] &amp#27;[39mDEBUG&amp#27;[0;39m &amp#27;[36morg.jboss.weld.Bootstrap&amp#27;[0;39m - &amp#27;[32mWELD-000162: BeforeBeanDiscovery.addAnnotatedType() called by org.jboss.weld.bootstrap.WeldExtension@5825932c for [BackedAnnotatedType] public @Vetoed @Interceptor @ActivateRequestContext @Priority class org.jboss.weld.contexts.activator.CdiRequestContextActivatorInterceptor
&amp#27;[0;39m2023-05-08 13:19:11,540 [main] &amp#27;[39mDEBUG&amp#27;[0;39m &amp#27;[36morg.jboss.weld.BootstrapTracker&amp#27;[0;39m - &amp#27;[32m  END bootstrap > startInitialization > BeforeBeanDiscovery (2 ms)
&amp#27;[0;39m2023-05-08 13:19:11,541 [main] &amp#27;[39mDEBUG&amp#27;[0;39m &amp#27;[36morg.jboss.weld.BootstrapTracker&amp#27;[0;39m - &amp#27;[32mSTART bootstrap > startInitialization > AfterTypeDiscovery 
&amp#27;[0;39m2023-05-08 13:19:11,541 [main] &amp#27;[39mDEBUG&amp#27;[0;39m &amp#27;[36morg.jboss.weld.BootstrapTracker&amp#27;[0;39m - &amp#27;[32m  END bootstrap > startInitialization > AfterTypeDiscovery (0 ms)
&amp#27;[0;39m2023-05-08 13:19:11,541 [main] &amp#27;[39mDEBUG&amp#27;[0;39m &amp#27;[36morg.jboss.weld.Bootstrap&amp#27;[0;39m - &amp#27;[32mWELD-000103: Enabled alternatives for Weld BeanManager for org.jboss.weld.environment.deployment.WeldDeployment.additionalClasses [bean count=5]: (empty collection)
&amp#27;[0;39m2023-05-08 13:19:11,541 [main] &amp#27;[39mDEBUG&amp#27;[0;39m &amp#27;[36morg.jboss.weld.Bootstrap&amp#27;[0;39m - &amp#27;[32mWELD-000104: Enabled decorator types for Weld BeanManager for org.jboss.weld.environment.deployment.WeldDeployment.additionalClasses [bean count=5]: (empty collection)
&amp#27;[0;39m2023-05-08 13:19:11,541 [main] &amp#27;[39mDEBUG&amp#27;[0;39m &amp#27;[36morg.jboss.weld.Bootstrap&amp#27;[0;39m - &amp#27;[32mWELD-000105: Enabled interceptor types for Weld BeanManager for org.jboss.weld.environment.deployment.WeldDeployment.additionalClasses [bean count=5]: 
  - class org.jboss.weld.contexts.activator.ActivateRequestContextInterceptor,
  - class org.jboss.weld.contexts.activator.CdiRequestContextActivatorInterceptor,
  - class org.jboss.weld.environment.se.contexts.activators.ActivateThreadScopeInterceptor
&amp#27;[0;39m2023-05-08 13:19:11,541 [main] &amp#27;[39mDEBUG&amp#27;[0;39m &amp#27;[36morg.jboss.weld.BootstrapTracker&amp#27;[0;39m - &amp#27;[32m  END bootstrap > startInitialization (5 ms)
&amp#27;[0;39m2023-05-08 13:19:11,541 [main] &amp#27;[39mDEBUG&amp#27;[0;39m &amp#27;[36morg.jboss.weld.BootstrapTracker&amp#27;[0;39m - &amp#27;[32mSTART bootstrap > deployBeans 
&amp#27;[0;39m2023-05-08 13:19:11,544 [main] &amp#27;[39mDEBUG&amp#27;[0;39m &amp#27;[36morg.jboss.weld.Bootstrap&amp#27;[0;39m - &amp#27;[32mWELD-000151: ProcessInjectionTarget.setInjectionTarget() called by org.glassfish.jersey.inject.cdi.se.SeBeanRegisterExtension@2f541f60: InjectionTarget for Managed Bean [class org.jboss.weld.environment.se.beans.ParametersFactory] with qualifiers [@Any @Default] replaced by InjectionTarget for Managed Bean [class org.jboss.weld.environment.se.beans.ParametersFactory] with qualifiers [@Any @Default]
&amp#27;[0;39m2023-05-08 13:19:11,544 [main] &amp#27;[39mDEBUG&amp#27;[0;39m &amp#27;[36morg.jboss.weld.Bootstrap&amp#27;[0;39m - &amp#27;[32mWELD-000151: ProcessInjectionTarget.setInjectionTarget() called by org.glassfish.jersey.inject.cdi.se.SeBeanRegisterExtension@2f541f60: InjectionTarget for Interceptor [class org.jboss.weld.contexts.activator.CdiRequestContextActivatorInterceptor intercepts @ActivateRequestContext] replaced by InjectionTarget for Interceptor [class org.jboss.weld.contexts.activator.CdiRequestContextActivatorInterceptor intercepts @ActivateRequestContext]
&amp#27;[0;39m2023-05-08 13:19:11,544 [main] &amp#27;[39mDEBUG&amp#27;[0;39m &amp#27;[36morg.jboss.weld.Bootstrap&amp#27;[0;39m - &amp#27;[32mWELD-000151: ProcessInjectionTarget.setInjectionTarget() called by org.glassfish.jersey.inject.cdi.se.SeBeanRegisterExtension@2f541f60: InjectionTarget for Interceptor [class org.jboss.weld.contexts.activator.ActivateRequestContextInterceptor intercepts @ActivateRequestContext] replaced by InjectionTarget for Interceptor [class org.jboss.weld.contexts.activator.ActivateRequestContextInterceptor intercepts @ActivateRequestContext]
&amp#27;[0;39m2023-05-08 13:19:11,545 [main] &amp#27;[39mDEBUG&amp#27;[0;39m &amp#27;[36morg.jboss.weld.Bootstrap&amp#27;[0;39m - &amp#27;[32mWELD-000151: ProcessInjectionTarget.setInjectionTarget() called by org.glassfish.jersey.inject.cdi.se.SeBeanRegisterExtension@2f541f60: InjectionTarget for Interceptor [class org.jboss.weld.environment.se.contexts.activators.ActivateThreadScopeInterceptor intercepts @ActivateThreadScope] replaced by InjectionTarget for Interceptor [class org.jboss.weld.environment.se.contexts.activators.ActivateThreadScopeInterceptor intercepts @ActivateThreadScope]
&amp#27;[0;39m2023-05-08 13:19:11,546 [main] &amp#27;[39mDEBUG&amp#27;[0;39m &amp#27;[36morg.jboss.weld.Bootstrap&amp#27;[0;39m - &amp#27;[32mWELD-000108: Decorator: Decorator [class org.jboss.weld.environment.se.threading.RunnableDecorator] decorates [Runnable] with delegate type [Runnable] and delegate qualifiers [@Default]
&amp#27;[0;39m2023-05-08 13:19:11,546 [main] &amp#27;[39mDEBUG&amp#27;[0;39m &amp#27;[36morg.jboss.weld.Bootstrap&amp#27;[0;39m - &amp#27;[32mWELD-000107: Interceptor: Interceptor [class org.jboss.weld.contexts.activator.CdiRequestContextActivatorInterceptor intercepts @ActivateRequestContext]
&amp#27;[0;39m2023-05-08 13:19:11,546 [main] &amp#27;[39mDEBUG&amp#27;[0;39m &amp#27;[36morg.jboss.weld.Bootstrap&amp#27;[0;39m - &amp#27;[32mWELD-000107: Interceptor: Interceptor [class org.jboss.weld.contexts.activator.ActivateRequestContextInterceptor intercepts @ActivateRequestContext]
&amp#27;[0;39m2023-05-08 13:19:11,546 [main] &amp#27;[39mDEBUG&amp#27;[0;39m &amp#27;[36morg.jboss.weld.Bootstrap&amp#27;[0;39m - &amp#27;[32mWELD-000107: Interceptor: Interceptor [class org.jboss.weld.environment.se.contexts.activators.ActivateThreadScopeInterceptor intercepts @ActivateThreadScope]
&amp#27;[0;39m2023-05-08 13:19:11,546 [main] &amp#27;[39mDEBUG&amp#27;[0;39m &amp#27;[36morg.jboss.weld.Bootstrap&amp#27;[0;39m - &amp#27;[32mWELD-000106: Bean: WELD%AbstractBuiltInBean%org.jboss.weld.environment.deployment.WeldDeployment.additionalClasses%DependentContext
&amp#27;[0;39m2023-05-08 13:19:11,546 [main] &amp#27;[39mDEBUG&amp#27;[0;39m &amp#27;[36morg.jboss.weld.Bootstrap&amp#27;[0;39m - &amp#27;[32mWELD-000106: Bean: Implicit Bean [jakarta.enterprise.inject.spi.Bean] with qualifiers [@Decorated]
&amp#27;[0;39m2023-05-08 13:19:11,547 [main] &amp#27;[39mDEBUG&amp#27;[0;39m &amp#27;[36morg.jboss.weld.Bootstrap&amp#27;[0;39m - &amp#27;[32mWELD-000106: Bean: WELD%AbstractBuiltInBean%org.jboss.weld.environment.deployment.WeldDeployment.additionalClasses%BoundConversationContext
&amp#27;[0;39m2023-05-08 13:19:11,547 [main] &amp#27;[39mDEBUG&amp#27;[0;39m &amp#27;[36morg.jboss.weld.Bootstrap&amp#27;[0;39m - &amp#27;[32mWELD-000106: Bean: Implicit Bean [jakarta.enterprise.inject.spi.Bean] with qualifiers [@Intercepted]
&amp#27;[0;39m2023-05-08 13:19:11,547 [main] &amp#27;[39mDEBUG&amp#27;[0;39m &amp#27;[36morg.jboss.weld.Bootstrap&amp#27;[0;39m - &amp#27;[32mWELD-000106: Bean: Implicit Bean [jakarta.enterprise.inject.spi.Bean] with qualifiers [@Default]
&amp#27;[0;39m2023-05-08 13:19:11,547 [main] &amp#27;[39mDEBUG&amp#27;[0;39m &amp#27;[36morg.jboss.weld.Bootstrap&amp#27;[0;39m - &amp#27;[32mWELD-000106: Bean: Managed Bean [class org.jboss.weld.environment.se.beans.ParametersFactory] with qualifiers [@Any @Default]
&amp#27;[0;39m2023-05-08 13:19:11,547 [main] &amp#27;[39mDEBUG&amp#27;[0;39m &amp#27;[36morg.jboss.weld.Bootstrap&amp#27;[0;39m - &amp#27;[32mWELD-000106: Bean: WELD%AbstractBuiltInBean%org.jboss.weld.environment.deployment.WeldDeployment.additionalClasses%BoundSessionContext
&amp#27;[0;39m2023-05-08 13:19:11,547 [main] &amp#27;[39mDEBUG&amp#27;[0;39m &amp#27;[36morg.jboss.weld.Bootstrap&amp#27;[0;39m - &amp#27;[32mWELD-000106: Bean: Producer Method [List<String>] with qualifiers [@Parameters @Any] declared as [[UnbackedAnnotatedMethod] @Produces @Parameters public org.jboss.weld.environment.se.beans.ParametersFactory.getArgs()]
&amp#27;[0;39m2023-05-08 13:19:11,547 [main] &amp#27;[39mDEBUG&amp#27;[0;39m &amp#27;[36morg.jboss.weld.Bootstrap&amp#27;[0;39m - &amp#27;[32mWELD-000106: Bean: WELD%AbstractBuiltInBean%org.jboss.weld.environment.deployment.WeldDeployment.additionalClasses%ApplicationContext
&amp#27;[0;39m2023-05-08 13:19:11,547 [main] &amp#27;[39mDEBUG&amp#27;[0;39m &amp#27;[36morg.jboss.weld.Bootstrap&amp#27;[0;39m - &amp#27;[32mWELD-000106: Bean: Producer Method [String[]] with qualifiers [@Parameters @Any] declared as [[UnbackedAnnotatedMethod] @Produces @Parameters public org.jboss.weld.environment.se.beans.ParametersFactory.getArgsAsArray()]
&amp#27;[0;39m2023-05-08 13:19:11,547 [main] &amp#27;[39mDEBUG&amp#27;[0;39m &amp#27;[36morg.jboss.weld.Bootstrap&amp#27;[0;39m - &amp#27;[32mWELD-000106: Bean: Implicit Bean [jakarta.enterprise.inject.spi.Decorator] with qualifiers [@Default]
&amp#27;[0;39m2023-05-08 13:19:11,547 [main] &amp#27;[39mDEBUG&amp#27;[0;39m &amp#27;[36morg.jboss.weld.Bootstrap&amp#27;[0;39m - &amp#27;[32mWELD-000106: Bean: WELD%AbstractBuiltInBean%org.jboss.weld.environment.deployment.WeldDeployment.additionalClasses%RequestContext
&amp#27;[0;39m2023-05-08 13:19:11,547 [main] &amp#27;[39mDEBUG&amp#27;[0;39m &amp#27;[36morg.jboss.weld.Bootstrap&amp#27;[0;39m - &amp#27;[32mWELD-000106: Bean: Implicit Bean [jakarta.enterprise.event.Event] with qualifiers [@Default]
&amp#27;[0;39m2023-05-08 13:19:11,547 [main] &amp#27;[39mDEBUG&amp#27;[0;39m &amp#27;[36morg.jboss.weld.Bootstrap&amp#27;[0;39m - &amp#27;[32mWELD-000106: Bean: Implicit Bean [jakarta.enterprise.inject.spi.InjectionPoint] with qualifiers [@Default]
&amp#27;[0;39m2023-05-08 13:19:11,547 [main] &amp#27;[39mDEBUG&amp#27;[0;39m &amp#27;[36morg.jboss.weld.Bootstrap&amp#27;[0;39m - &amp#27;[32mWELD-000106: Bean: Implicit Bean [jakarta.enterprise.inject.spi.InterceptionFactory] with qualifiers [@Default]
&amp#27;[0;39m2023-05-08 13:19:11,547 [main] &amp#27;[39mDEBUG&amp#27;[0;39m &amp#27;[36morg.jboss.weld.Bootstrap&amp#27;[0;39m - &amp#27;[32mWELD-000106: Bean: WELD%AbstractBuiltInBean%org.jboss.weld.environment.deployment.WeldDeployment.additionalClasses%Conversation
&amp#27;[0;39m2023-05-08 13:19:11,547 [main] &amp#27;[39mDEBUG&amp#27;[0;39m &amp#27;[36morg.jboss.weld.Bootstrap&amp#27;[0;39m - &amp#27;[32mWELD-000106: Bean: WELD%AbstractBuiltInBean%org.jboss.weld.environment.deployment.WeldDeployment.additionalClasses%RequestContextController
&amp#27;[0;39m2023-05-08 13:19:11,547 [main] &amp#27;[39mDEBUG&amp#27;[0;39m &amp#27;[36morg.jboss.weld.Bootstrap&amp#27;[0;39m - &amp#27;[32mWELD-000106: Bean: Implicit Bean [jakarta.enterprise.inject.spi.Interceptor] with qualifiers [@Default]
&amp#27;[0;39m2023-05-08 13:19:11,547 [main] &amp#27;[39mDEBUG&amp#27;[0;39m &amp#27;[36morg.jboss.weld.Bootstrap&amp#27;[0;39m - &amp#27;[32mWELD-000106: Bean: Implicit Bean [jakarta.enterprise.inject.Instance] with qualifiers [@Default]
&amp#27;[0;39m2023-05-08 13:19:11,547 [main] &amp#27;[39mDEBUG&amp#27;[0;39m &amp#27;[36morg.jboss.weld.Bootstrap&amp#27;[0;39m - &amp#27;[32mWELD-000106: Bean: Implicit Bean [jakarta.enterprise.inject.spi.EventMetadata] with qualifiers [@Default]
&amp#27;[0;39m2023-05-08 13:19:11,547 [main] &amp#27;[39mDEBUG&amp#27;[0;39m &amp#27;[36morg.jboss.weld.Bootstrap&amp#27;[0;39m - &amp#27;[32mWELD-000106: Bean: WELD%AbstractBuiltInBean%org.jboss.weld.environment.deployment.WeldDeployment.additionalClasses%BoundRequestContext
&amp#27;[0;39m2023-05-08 13:19:11,547 [main] &amp#27;[39mDEBUG&amp#27;[0;39m &amp#27;[36morg.jboss.weld.Bootstrap&amp#27;[0;39m - &amp#27;[32mWELD-000106: Bean: WELD%AbstractBuiltInBean%org.jboss.weld.environment.deployment.WeldDeployment.additionalClasses%SingletonContext
&amp#27;[0;39m2023-05-08 13:19:11,547 [main] &amp#27;[39mDEBUG&amp#27;[0;39m &amp#27;[36morg.jboss.weld.BootstrapTracker&amp#27;[0;39m - &amp#27;[32mSTART bootstrap > deployBeans > AfterBeanDiscovery 
&amp#27;[0;39m2023-05-08 13:19:11,548 [main] &amp#27;[39mDEBUG&amp#27;[0;39m &amp#27;[36morg.jboss.weld.Bootstrap&amp#27;[0;39m - &amp#27;[32mWELD-000154: AfterBeanDiscovery.addBean() called by org.glassfish.jersey.inject.cdi.se.SeBeanRegisterExtension@2f541f60 for org.glassfish.jersey.inject.cdi.se.bean.InstanceBean@24ea71d
&amp#27;[0;39m2023-05-08 13:19:11,548 [main] &amp#27;[39mDEBUG&amp#27;[0;39m &amp#27;[36morg.jboss.weld.Bootstrap&amp#27;[0;39m - &amp#27;[32mWELD-000154: AfterBeanDiscovery.addBean() called by org.glassfish.jersey.inject.cdi.se.SeBeanRegisterExtension@2f541f60 for org.glassfish.jersey.inject.cdi.se.bean.ClassBean@ce5a2ea
&amp#27;[0;39m2023-05-08 13:19:11,549 [main] &amp#27;[39mDEBUG&amp#27;[0;39m &amp#27;[36morg.jboss.weld.Bootstrap&amp#27;[0;39m - &amp#27;[32mWELD-000154: AfterBeanDiscovery.addBean() called by org.glassfish.jersey.inject.cdi.se.SeBeanRegisterExtension@2f541f60 for org.glassfish.jersey.inject.cdi.se.bean.ClassBean@40612056
&amp#27;[0;39m2023-05-08 13:19:11,550 [main] &amp#27;[39mDEBUG&amp#27;[0;39m &amp#27;[36morg.jboss.weld.Bootstrap&amp#27;[0;39m - &amp#27;[32mWELD-000154: AfterBeanDiscovery.addBean() called by org.glassfish.jersey.inject.cdi.se.SeBeanRegisterExtension@2f541f60 for org.glassfish.jersey.inject.cdi.se.bean.ClassBean@77e64a46
&amp#27;[0;39m2023-05-08 13:19:11,550 [main] &amp#27;[39mDEBUG&amp#27;[0;39m &amp#27;[36morg.jboss.weld.Bootstrap&amp#27;[0;39m - &amp#27;[32mWELD-000154: AfterBeanDiscovery.addBean() called by org.glassfish.jersey.inject.cdi.se.SeBeanRegisterExtension@2f541f60 for org.glassfish.jersey.inject.cdi.se.bean.ClassBean@174d5cf7
&amp#27;[0;39m2023-05-08 13:19:11,551 [main] &amp#27;[39mDEBUG&amp#27;[0;39m &amp#27;[36morg.jboss.weld.Bootstrap&amp#27;[0;39m - &amp#27;[32mWELD-000154: AfterBeanDiscovery.addBean() called by org.glassfish.jersey.inject.cdi.se.SeBeanRegisterExtension@2f541f60 for org.glassfish.jersey.inject.cdi.se.bean.ClassBean@3aac31b7
&amp#27;[0;39m2023-05-08 13:19:11,551 [main] &amp#27;[39mDEBUG&amp#27;[0;39m &amp#27;[36morg.jboss.weld.Bootstrap&amp#27;[0;39m - &amp#27;[32mWELD-000154: AfterBeanDiscovery.addBean() called by org.glassfish.jersey.inject.cdi.se.SeBeanRegisterExtension@2f541f60 for org.glassfish.jersey.inject.cdi.se.bean.SupplierClassBean@190cc39e
&amp#27;[0;39m2023-05-08 13:19:11,551 [main] &amp#27;[39mDEBUG&amp#27;[0;39m &amp#27;[36morg.jboss.weld.Bootstrap&amp#27;[0;39m - &amp#27;[32mWELD-000154: AfterBeanDiscovery.addBean() called by org.glassfish.jersey.inject.cdi.se.SeBeanRegisterExtension@2f541f60 for org.glassfish.jersey.inject.cdi.se.bean.SupplierBeanBridge@4a2f1ae3
&amp#27;[0;39m2023-05-08 13:19:11,552 [main] &amp#27;[39mDEBUG&amp#27;[0;39m &amp#27;[36morg.jboss.weld.Bootstrap&amp#27;[0;39m - &amp#27;[32mWELD-000154: AfterBeanDiscovery.addBean() called by org.glassfish.jersey.inject.cdi.se.SeBeanRegisterExtension@2f541f60 for org.glassfish.jersey.inject.cdi.se.bean.SupplierInstanceBean@48b1b469
&amp#27;[0;39m2023-05-08 13:19:11,552 [main] &amp#27;[39mDEBUG&amp#27;[0;39m &amp#27;[36morg.jboss.weld.Bootstrap&amp#27;[0;39m - &amp#27;[32mWELD-000154: AfterBeanDiscovery.addBean() called by org.glassfish.jersey.inject.cdi.se.SeBeanRegisterExtension@2f541f60 for org.glassfish.jersey.inject.cdi.se.bean.SupplierInstanceBeanBridge@6a887649
&amp#27;[0;39m2023-05-08 13:19:11,552 [main] &amp#27;[39mDEBUG&amp#27;[0;39m &amp#27;[36morg.jboss.weld.Bootstrap&amp#27;[0;39m - &amp#27;[32mWELD-000154: AfterBeanDiscovery.addBean() called by org.glassfish.jersey.inject.cdi.se.SeBeanRegisterExtension@2f541f60 for org.glassfish.jersey.inject.cdi.se.bean.SupplierClassBean@62fa4a88
&amp#27;[0;39m2023-05-08 13:19:11,552 [main] &amp#27;[39mDEBUG&amp#27;[0;39m &amp#27;[36morg.jboss.weld.Bootstrap&amp#27;[0;39m - &amp#27;[32mWELD-000154: AfterBeanDiscovery.addBean() called by org.glassfish.jersey.inject.cdi.se.SeBeanRegisterExtension@2f541f60 for org.glassfish.jersey.inject.cdi.se.bean.SupplierBeanBridge@4b6942a0
&amp#27;[0;39m2023-05-08 13:19:11,552 [main] &amp#27;[39mDEBUG&amp#27;[0;39m &amp#27;[36morg.jboss.weld.Bootstrap&amp#27;[0;39m - &amp#27;[32mWELD-000154: AfterBeanDiscovery.addBean() called by org.glassfish.jersey.inject.cdi.se.SeBeanRegisterExtension@2f541f60 for org.glassfish.jersey.inject.cdi.se.bean.SupplierInstanceBean@64641998
&amp#27;[0;39m2023-05-08 13:19:11,552 [main] &amp#27;[39mDEBUG&amp#27;[0;39m &amp#27;[36morg.jboss.weld.Bootstrap&amp#27;[0;39m - &amp#27;[32mWELD-000154: AfterBeanDiscovery.addBean() called by org.glassfish.jersey.inject.cdi.se.SeBeanRegisterExtension@2f541f60 for org.glassfish.jersey.inject.cdi.se.bean.SupplierInstanceBeanBridge@2e845f1c
&amp#27;[0;39m2023-05-08 13:19:11,553 [main] &amp#27;[39mDEBUG&amp#27;[0;39m &amp#27;[36morg.jboss.weld.Bootstrap&amp#27;[0;39m - &amp#27;[32mWELD-000154: AfterBeanDiscovery.addBean() called by org.glassfish.jersey.inject.cdi.se.SeBeanRegisterExtension@2f541f60 for org.glassfish.jersey.inject.cdi.se.bean.ClassBean@627ad446
&amp#27;[0;39m2023-05-08 13:19:11,553 [main] &amp#27;[39mDEBUG&amp#27;[0;39m &amp#27;[36morg.jboss.weld.Bootstrap&amp#27;[0;39m - &amp#27;[32mWELD-000154: AfterBeanDiscovery.addBean() called by org.glassfish.jersey.inject.cdi.se.SeBeanRegisterExtension@2f541f60 for org.glassfish.jersey.inject.cdi.se.bean.SupplierClassBean@513ddf5f
&amp#27;[0;39m2023-05-08 13:19:11,553 [main] &amp#27;[39mDEBUG&amp#27;[0;39m &amp#27;[36morg.jboss.weld.Bootstrap&amp#27;[0;39m - &amp#27;[32mWELD-000154: AfterBeanDiscovery.addBean() called by org.glassfish.jersey.inject.cdi.se.SeBeanRegisterExtension@2f541f60 for org.glassfish.jersey.inject.cdi.se.bean.SupplierBeanBridge@6109366a
&amp#27;[0;39m2023-05-08 13:19:11,554 [main] &amp#27;[39mDEBUG&amp#27;[0;39m &amp#27;[36morg.jboss.weld.Bootstrap&amp#27;[0;39m - &amp#27;[32mWELD-000154: AfterBeanDiscovery.addBean() called by org.glassfish.jersey.inject.cdi.se.SeBeanRegisterExtension@2f541f60 for org.glassfish.jersey.inject.cdi.se.bean.SupplierClassBean@67201002
&amp#27;[0;39m2023-05-08 13:19:11,554 [main] &amp#27;[39mDEBUG&amp#27;[0;39m &amp#27;[36morg.jboss.weld.Bootstrap&amp#27;[0;39m - &amp#27;[32mWELD-000154: AfterBeanDiscovery.addBean() called by org.glassfish.jersey.inject.cdi.se.SeBeanRegisterExtension@2f541f60 for org.glassfish.jersey.inject.cdi.se.bean.SupplierBeanBridge@6ddc9001
&amp#27;[0;39m2023-05-08 13:19:11,554 [main] &amp#27;[39mDEBUG&amp#27;[0;39m &amp#27;[36morg.jboss.weld.Bootstrap&amp#27;[0;39m - &amp#27;[32mWELD-000154: AfterBeanDiscovery.addBean() called by org.glassfish.jersey.inject.cdi.se.SeBeanRegisterExtension@2f541f60 for org.glassfish.jersey.inject.cdi.se.bean.SupplierClassBean@510e0dd2
&amp#27;[0;39m2023-05-08 13:19:11,554 [main] &amp#27;[39mDEBUG&amp#27;[0;39m &amp#27;[36morg.jboss.weld.Bootstrap&amp#27;[0;39m - &amp#27;[32mWELD-000154: AfterBeanDiscovery.addBean() called by org.glassfish.jersey.inject.cdi.se.SeBeanRegisterExtension@2f541f60 for org.glassfish.jersey.inject.cdi.se.bean.SupplierBeanBridge@54a98358
&amp#27;[0;39m2023-05-08 13:19:11,555 [main] &amp#27;[39mDEBUG&amp#27;[0;39m &amp#27;[36morg.jboss.weld.Bootstrap&amp#27;[0;39m - &amp#27;[32mWELD-000154: AfterBeanDiscovery.addBean() called by org.glassfish.jersey.inject.cdi.se.SeBeanRegisterExtension@2f541f60 for org.glassfish.jersey.inject.cdi.se.bean.ClassBean@1ff52a71
&amp#27;[0;39m2023-05-08 13:19:11,555 [main] &amp#27;[39mDEBUG&amp#27;[0;39m &amp#27;[36morg.jboss.weld.Bootstrap&amp#27;[0;39m - &amp#27;[32mWELD-000154: AfterBeanDiscovery.addBean() called by org.glassfish.jersey.inject.cdi.se.SeBeanRegisterExtension@2f541f60 for org.glassfish.jersey.inject.cdi.se.bean.SupplierClassBean@3db3668
&amp#27;[0;39m2023-05-08 13:19:11,555 [main] &amp#27;[39mDEBUG&amp#27;[0;39m &amp#27;[36morg.jboss.weld.Bootstrap&amp#27;[0;39m - &amp#27;[32mWELD-000154: AfterBeanDiscovery.addBean() called by org.glassfish.jersey.inject.cdi.se.SeBeanRegisterExtension@2f541f60 for org.glassfish.jersey.inject.cdi.se.bean.SupplierBeanBridge@125c03d3
&amp#27;[0;39m2023-05-08 13:19:11,556 [main] &amp#27;[39mDEBUG&amp#27;[0;39m &amp#27;[36morg.jboss.weld.Bootstrap&amp#27;[0;39m - &amp#27;[32mWELD-000154: AfterBeanDiscovery.addBean() called by org.glassfish.jersey.inject.cdi.se.SeBeanRegisterExtension@2f541f60 for org.glassfish.jersey.inject.cdi.se.bean.SupplierClassBean@4fcb796f
&amp#27;[0;39m2023-05-08 13:19:11,556 [main] &amp#27;[39mDEBUG&amp#27;[0;39m &amp#27;[36morg.jboss.weld.Bootstrap&amp#27;[0;39m - &amp#27;[32mWELD-000154: AfterBeanDiscovery.addBean() called by org.glassfish.jersey.inject.cdi.se.SeBeanRegisterExtension@2f541f60 for org.glassfish.jersey.inject.cdi.se.bean.SupplierBeanBridge@1483c738
&amp#27;[0;39m2023-05-08 13:19:11,556 [main] &amp#27;[39mDEBUG&amp#27;[0;39m &amp#27;[36morg.jboss.weld.Bootstrap&amp#27;[0;39m - &amp#27;[32mWELD-000154: AfterBeanDiscovery.addBean() called by org.glassfish.jersey.inject.cdi.se.SeBeanRegisterExtension@2f541f60 for org.glassfish.jersey.inject.cdi.se.bean.ClassBean@5af8ef61
&amp#27;[0;39m2023-05-08 13:19:11,556 [main] &amp#27;[39mDEBUG&amp#27;[0;39m &amp#27;[36morg.jboss.weld.Bootstrap&amp#27;[0;39m - &amp#27;[32mWELD-000154: AfterBeanDiscovery.addBean() called by org.glassfish.jersey.inject.cdi.se.SeBeanRegisterExtension@2f541f60 for org.glassfish.jersey.inject.cdi.se.bean.InstanceBean@5620470a
&amp#27;[0;39m2023-05-08 13:19:11,556 [main] &amp#27;[39mDEBUG&amp#27;[0;39m &amp#27;[36morg.jboss.weld.Bootstrap&amp#27;[0;39m - &amp#27;[32mWELD-000154: AfterBeanDiscovery.addBean() called by org.glassfish.jersey.inject.cdi.se.SeBeanRegisterExtension@2f541f60 for org.glassfish.jersey.inject.cdi.se.bean.InstanceBean@29682244
&amp#27;[0;39m2023-05-08 13:19:11,556 [main] &amp#27;[39mDEBUG&amp#27;[0;39m &amp#27;[36morg.jboss.weld.Bootstrap&amp#27;[0;39m - &amp#27;[32mWELD-000154: AfterBeanDiscovery.addBean() called by org.glassfish.jersey.inject.cdi.se.SeBeanRegisterExtension@2f541f60 for org.glassfish.jersey.inject.cdi.se.bean.InstanceBean@3368cf02
&amp#27;[0;39m2023-05-08 13:19:11,556 [main] &amp#27;[39mDEBUG&amp#27;[0;39m &amp#27;[36morg.jboss.weld.Bootstrap&amp#27;[0;39m - &amp#27;[32mWELD-000154: AfterBeanDiscovery.addBean() called by org.glassfish.jersey.inject.cdi.se.SeBeanRegisterExtension@2f541f60 for org.glassfish.jersey.inject.cdi.se.bean.InstanceBean@2e76ade9
&amp#27;[0;39m2023-05-08 13:19:11,556 [main] &amp#27;[39mDEBUG&amp#27;[0;39m &amp#27;[36morg.jboss.weld.Bootstrap&amp#27;[0;39m - &amp#27;[32mWELD-000154: AfterBeanDiscovery.addBean() called by org.glassfish.jersey.inject.cdi.se.SeBeanRegisterExtension@2f541f60 for org.glassfish.jersey.inject.cdi.se.bean.InstanceBean@7a3ab73a
&amp#27;[0;39m2023-05-08 13:19:11,556 [main] &amp#27;[39mDEBUG&amp#27;[0;39m &amp#27;[36morg.jboss.weld.Bootstrap&amp#27;[0;39m - &amp#27;[32mWELD-000154: AfterBeanDiscovery.addBean() called by org.glassfish.jersey.inject.cdi.se.SeBeanRegisterExtension@2f541f60 for org.glassfish.jersey.inject.cdi.se.bean.InstanceBean@12a8d03b
&amp#27;[0;39m2023-05-08 13:19:11,556 [main] &amp#27;[39mDEBUG&amp#27;[0;39m &amp#27;[36morg.jboss.weld.Bootstrap&amp#27;[0;39m - &amp#27;[32mWELD-000154: AfterBeanDiscovery.addBean() called by org.glassfish.jersey.inject.cdi.se.SeBeanRegisterExtension@2f541f60 for org.glassfish.jersey.inject.cdi.se.bean.InstanceBean@67cd1db3
&amp#27;[0;39m2023-05-08 13:19:11,556 [main] &amp#27;[39mDEBUG&amp#27;[0;39m &amp#27;[36morg.jboss.weld.Bootstrap&amp#27;[0;39m - &amp#27;[32mWELD-000154: AfterBeanDiscovery.addBean() called by org.glassfish.jersey.inject.cdi.se.SeBeanRegisterExtension@2f541f60 for org.glassfish.jersey.inject.cdi.se.bean.InstanceBean@7ccfed46
&amp#27;[0;39m2023-05-08 13:19:11,556 [main] &amp#27;[39mDEBUG&amp#27;[0;39m &amp#27;[36morg.jboss.weld.Bootstrap&amp#27;[0;39m - &amp#27;[32mWELD-000154: AfterBeanDiscovery.addBean() called by org.glassfish.jersey.inject.cdi.se.SeBeanRegisterExtension@2f541f60 for org.glassfish.jersey.inject.cdi.se.bean.InstanceBean@53630682
&amp#27;[0;39m2023-05-08 13:19:11,556 [main] &amp#27;[39mDEBUG&amp#27;[0;39m &amp#27;[36morg.jboss.weld.Bootstrap&amp#27;[0;39m - &amp#27;[32mWELD-000154: AfterBeanDiscovery.addBean() called by org.glassfish.jersey.inject.cdi.se.SeBeanRegisterExtension@2f541f60 for org.glassfish.jersey.inject.cdi.se.bean.InstanceBean@71e2ddd
&amp#27;[0;39m2023-05-08 13:19:11,556 [main] &amp#27;[39mDEBUG&amp#27;[0;39m &amp#27;[36morg.jboss.weld.Bootstrap&amp#27;[0;39m - &amp#27;[32mWELD-000154: AfterBeanDiscovery.addBean() called by org.glassfish.jersey.inject.cdi.se.SeBeanRegisterExtension@2f541f60 for org.glassfish.jersey.inject.cdi.se.bean.InstanceBean@8318808
&amp#27;[0;39m2023-05-08 13:19:11,556 [main] &amp#27;[39mDEBUG&amp#27;[0;39m &amp#27;[36morg.jboss.weld.Bootstrap&amp#27;[0;39m - &amp#27;[32mWELD-000154: AfterBeanDiscovery.addBean() called by org.glassfish.jersey.inject.cdi.se.SeBeanRegisterExtension@2f541f60 for org.glassfish.jersey.inject.cdi.se.bean.InstanceBean@b97f195
&amp#27;[0;39m2023-05-08 13:19:11,556 [main] &amp#27;[39mDEBUG&amp#27;[0;39m &amp#27;[36morg.jboss.weld.Bootstrap&amp#27;[0;39m - &amp#27;[32mWELD-000154: AfterBeanDiscovery.addBean() called by org.glassfish.jersey.inject.cdi.se.SeBeanRegisterExtension@2f541f60 for org.glassfish.jersey.inject.cdi.se.bean.InstanceBean@408bb173
&amp#27;[0;39m2023-05-08 13:19:11,559 [main] &amp#27;[39mDEBUG&amp#27;[0;39m &amp#27;[36morg.jboss.weld.Bootstrap&amp#27;[0;39m - &amp#27;[32mWELD-000154: AfterBeanDiscovery.addBean() called by org.glassfish.jersey.inject.cdi.se.SeBeanRegisterExtension@2f541f60 for org.glassfish.jersey.inject.cdi.se.bean.ClassBean@623be2a0
&amp#27;[0;39m2023-05-08 13:19:11,559 [main] &amp#27;[39mDEBUG&amp#27;[0;39m &amp#27;[36morg.jboss.weld.Bootstrap&amp#27;[0;39m - &amp#27;[32mWELD-000154: AfterBeanDiscovery.addBean() called by org.glassfish.jersey.inject.cdi.se.SeBeanRegisterExtension@2f541f60 for org.glassfish.jersey.inject.cdi.se.bean.InstanceBean@3b44ed3c
&amp#27;[0;39m2023-05-08 13:19:11,559 [main] &amp#27;[39mDEBUG&amp#27;[0;39m &amp#27;[36morg.jboss.weld.Bootstrap&amp#27;[0;39m - &amp#27;[32mWELD-000154: AfterBeanDiscovery.addBean() called by org.glassfish.jersey.inject.cdi.se.SeBeanRegisterExtension@2f541f60 for org.glassfish.jersey.inject.cdi.se.bean.InstanceBean@1df83569
&amp#27;[0;39m2023-05-08 13:19:11,559 [main] &amp#27;[39mDEBUG&amp#27;[0;39m &amp#27;[36morg.jboss.weld.Bootstrap&amp#27;[0;39m - &amp#27;[32mWELD-000154: AfterBeanDiscovery.addBean() called by org.glassfish.jersey.inject.cdi.se.SeBeanRegisterExtension@2f541f60 for org.glassfish.jersey.inject.cdi.se.bean.InstanceBean@439047ef
&amp#27;[0;39m2023-05-08 13:19:11,559 [main] &amp#27;[39mDEBUG&amp#27;[0;39m &amp#27;[36morg.jboss.weld.Bootstrap&amp#27;[0;39m - &amp#27;[32mWELD-000154: AfterBeanDiscovery.addBean() called by org.glassfish.jersey.inject.cdi.se.SeBeanRegisterExtension@2f541f60 for org.glassfish.jersey.inject.cdi.se.bean.InstanceBean@7e0393df
&amp#27;[0;39m2023-05-08 13:19:11,559 [main] &amp#27;[39mDEBUG&amp#27;[0;39m &amp#27;[36morg.jboss.weld.Bootstrap&amp#27;[0;39m - &amp#27;[32mWELD-000154: AfterBeanDiscovery.addBean() called by org.glassfish.jersey.inject.cdi.se.SeBeanRegisterExtension@2f541f60 for org.glassfish.jersey.inject.cdi.se.bean.InstanceBean@62b2bc2e
&amp#27;[0;39m2023-05-08 13:19:11,559 [main] &amp#27;[39mDEBUG&amp#27;[0;39m &amp#27;[36morg.jboss.weld.Bootstrap&amp#27;[0;39m - &amp#27;[32mWELD-000154: AfterBeanDiscovery.addBean() called by org.glassfish.jersey.inject.cdi.se.SeBeanRegisterExtension@2f541f60 for org.glassfish.jersey.inject.cdi.se.bean.InstanceBean@3e3d8e6c
&amp#27;[0;39m2023-05-08 13:19:11,559 [main] &amp#27;[39mDEBUG&amp#27;[0;39m &amp#27;[36morg.jboss.weld.Bootstrap&amp#27;[0;39m - &amp#27;[32mWELD-000154: AfterBeanDiscovery.addBean() called by org.glassfish.jersey.inject.cdi.se.SeBeanRegisterExtension@2f541f60 for org.glassfish.jersey.inject.cdi.se.bean.ClassBean@3894d1b1
&amp#27;[0;39m2023-05-08 13:19:11,560 [main] &amp#27;[39mDEBUG&amp#27;[0;39m &amp#27;[36morg.jboss.weld.Bootstrap&amp#27;[0;39m - &amp#27;[32mWELD-000154: AfterBeanDiscovery.addBean() called by org.glassfish.jersey.inject.cdi.se.SeBeanRegisterExtension@2f541f60 for org.glassfish.jersey.inject.cdi.se.bean.ClassBean@525c0f74
&amp#27;[0;39m2023-05-08 13:19:11,560 [main] &amp#27;[39mDEBUG&amp#27;[0;39m &amp#27;[36morg.jboss.weld.Bootstrap&amp#27;[0;39m - &amp#27;[32mWELD-000154: AfterBeanDiscovery.addBean() called by org.glassfish.jersey.inject.cdi.se.SeBeanRegisterExtension@2f541f60 for org.glassfish.jersey.inject.cdi.se.bean.ClassBean@1b949de4
&amp#27;[0;39m2023-05-08 13:19:11,561 [main] &amp#27;[39mDEBUG&amp#27;[0;39m &amp#27;[36morg.jboss.weld.Bootstrap&amp#27;[0;39m - &amp#27;[32mWELD-000154: AfterBeanDiscovery.addBean() called by org.glassfish.jersey.inject.cdi.se.SeBeanRegisterExtension@2f541f60 for org.glassfish.jersey.inject.cdi.se.bean.ClassBean@7ef8899d
&amp#27;[0;39m2023-05-08 13:19:11,561 [main] &amp#27;[39mDEBUG&amp#27;[0;39m &amp#27;[36morg.jboss.weld.Bootstrap&amp#27;[0;39m - &amp#27;[32mWELD-000154: AfterBeanDiscovery.addBean() called by org.glassfish.jersey.inject.cdi.se.SeBeanRegisterExtension@2f541f60 for org.glassfish.jersey.inject.cdi.se.bean.ClassBean@321302bc
&amp#27;[0;39m2023-05-08 13:19:11,562 [main] &amp#27;[39mDEBUG&amp#27;[0;39m &amp#27;[36morg.jboss.weld.Bootstrap&amp#27;[0;39m - &amp#27;[32mWELD-000154: AfterBeanDiscovery.addBean() called by org.glassfish.jersey.inject.cdi.se.SeBeanRegisterExtension@2f541f60 for org.glassfish.jersey.inject.cdi.se.bean.ClassBean@3dedc8b8
&amp#27;[0;39m2023-05-08 13:19:11,563 [main] &amp#27;[39mDEBUG&amp#27;[0;39m &amp#27;[36morg.jboss.weld.Bootstrap&amp#27;[0;39m - &amp#27;[32mWELD-000154: AfterBeanDiscovery.addBean() called by org.glassfish.jersey.inject.cdi.se.SeBeanRegisterExtension@2f541f60 for org.glassfish.jersey.inject.cdi.se.bean.ClassBean@72ae1007
&amp#27;[0;39m2023-05-08 13:19:11,564 [main] &amp#27;[39mDEBUG&amp#27;[0;39m &amp#27;[36morg.jboss.weld.Bootstrap&amp#27;[0;39m - &amp#27;[32mWELD-000154: AfterBeanDiscovery.addBean() called by org.glassfish.jersey.inject.cdi.se.SeBeanRegisterExtension@2f541f60 for org.glassfish.jersey.inject.cdi.se.bean.ClassBean@7a0eb939
&amp#27;[0;39m2023-05-08 13:19:11,565 [main] &amp#27;[39mDEBUG&amp#27;[0;39m &amp#27;[36morg.jboss.weld.Bootstrap&amp#27;[0;39m - &amp#27;[32mWELD-000154: AfterBeanDiscovery.addBean() called by org.glassfish.jersey.inject.cdi.se.SeBeanRegisterExtension@2f541f60 for org.glassfish.jersey.inject.cdi.se.bean.ClassBean@7c0ecdbf
&amp#27;[0;39m2023-05-08 13:19:11,566 [main] &amp#27;[39mDEBUG&amp#27;[0;39m &amp#27;[36morg.jboss.weld.Bootstrap&amp#27;[0;39m - &amp#27;[32mWELD-000154: AfterBeanDiscovery.addBean() called by org.glassfish.jersey.inject.cdi.se.SeBeanRegisterExtension@2f541f60 for org.glassfish.jersey.inject.cdi.se.bean.ClassBean@6c427386
&amp#27;[0;39m2023-05-08 13:19:11,566 [main] &amp#27;[39mDEBUG&amp#27;[0;39m &amp#27;[36morg.jboss.weld.Bootstrap&amp#27;[0;39m - &amp#27;[32mWELD-000154: AfterBeanDiscovery.addBean() called by org.glassfish.jersey.inject.cdi.se.SeBeanRegisterExtension@2f541f60 for org.glassfish.jersey.inject.cdi.se.bean.ClassBean@4d50f682
&amp#27;[0;39m2023-05-08 13:19:11,567 [main] &amp#27;[39mDEBUG&amp#27;[0;39m &amp#27;[36morg.jboss.weld.Bootstrap&amp#27;[0;39m - &amp#27;[32mWELD-000154: AfterBeanDiscovery.addBean() called by org.glassfish.jersey.inject.cdi.se.SeBeanRegisterExtension@2f541f60 for org.glassfish.jersey.inject.cdi.se.bean.ClassBean@1b6e32ee
&amp#27;[0;39m2023-05-08 13:19:11,568 [main] &amp#27;[39mDEBUG&amp#27;[0;39m &amp#27;[36morg.jboss.weld.Bootstrap&amp#27;[0;39m - &amp#27;[32mWELD-000154: AfterBeanDiscovery.addBean() called by org.glassfish.jersey.inject.cdi.se.SeBeanRegisterExtension@2f541f60 for org.glassfish.jersey.inject.cdi.se.bean.ClassBean@757ad227
&amp#27;[0;39m2023-05-08 13:19:11,568 [main] &amp#27;[39mDEBUG&amp#27;[0;39m &amp#27;[36morg.jboss.weld.Bootstrap&amp#27;[0;39m - &amp#27;[32mWELD-000154: AfterBeanDiscovery.addBean() called by org.glassfish.jersey.inject.cdi.se.SeBeanRegisterExtension@2f541f60 for org.glassfish.jersey.inject.cdi.se.bean.ClassBean@1ab780fd
&amp#27;[0;39m2023-05-08 13:19:11,569 [main] &amp#27;[39mDEBUG&amp#27;[0;39m &amp#27;[36morg.jboss.weld.Bootstrap&amp#27;[0;39m - &amp#27;[32mWELD-000154: AfterBeanDiscovery.addBean() called by org.glassfish.jersey.inject.cdi.se.SeBeanRegisterExtension@2f541f60 for org.glassfish.jersey.inject.cdi.se.bean.ClassBean@628b9af5
&amp#27;[0;39m2023-05-08 13:19:11,569 [main] &amp#27;[39mDEBUG&amp#27;[0;39m &amp#27;[36morg.jboss.weld.Bean&amp#27;[0;39m - &amp#27;[32mWELD-001529: An InjectionTarget is created for a class org.glassfish.jersey.message.internal.SourceProvider$DomSourceReader which does not have any appropriate constructor. It will not be possible to produce instances of this type!
&amp#27;[0;39m2023-05-08 13:19:11,570 [main] &amp#27;[39mDEBUG&amp#27;[0;39m &amp#27;[36morg.jboss.weld.Bootstrap&amp#27;[0;39m - &amp#27;[32mWELD-000154: AfterBeanDiscovery.addBean() called by org.glassfish.jersey.inject.cdi.se.SeBeanRegisterExtension@2f541f60 for org.glassfish.jersey.inject.cdi.se.bean.ClassBean@9fc125b
&amp#27;[0;39m2023-05-08 13:19:11,570 [main] &amp#27;[39mDEBUG&amp#27;[0;39m &amp#27;[36morg.jboss.weld.Bootstrap&amp#27;[0;39m - &amp#27;[32mWELD-000154: AfterBeanDiscovery.addBean() called by org.glassfish.jersey.inject.cdi.se.SeBeanRegisterExtension@2f541f60 for org.glassfish.jersey.inject.cdi.se.bean.ClassBean@4c69b396
&amp#27;[0;39m2023-05-08 13:19:11,571 [main] &amp#27;[39mDEBUG&amp#27;[0;39m &amp#27;[36morg.jboss.weld.Bootstrap&amp#27;[0;39m - &amp#27;[32mWELD-000154: AfterBeanDiscovery.addBean() called by org.glassfish.jersey.inject.cdi.se.SeBeanRegisterExtension@2f541f60 for org.glassfish.jersey.inject.cdi.se.bean.ClassBean@7aa5292d
&amp#27;[0;39m2023-05-08 13:19:11,571 [main] &amp#27;[39mDEBUG&amp#27;[0;39m &amp#27;[36morg.jboss.weld.Bean&amp#27;[0;39m - &amp#27;[32mWELD-001529: An InjectionTarget is created for a class org.glassfish.jersey.message.internal.SourceProvider$SourceWriter which does not have any appropriate constructor. It will not be possible to produce instances of this type!
&amp#27;[0;39m2023-05-08 13:19:11,572 [main] &amp#27;[39mDEBUG&amp#27;[0;39m &amp#27;[36morg.jboss.weld.Bootstrap&amp#27;[0;39m - &amp#27;[32mWELD-000154: AfterBeanDiscovery.addBean() called by org.glassfish.jersey.inject.cdi.se.SeBeanRegisterExtension@2f541f60 for org.glassfish.jersey.inject.cdi.se.bean.ClassBean@16ca4532
&amp#27;[0;39m2023-05-08 13:19:11,572 [main] &amp#27;[39mDEBUG&amp#27;[0;39m &amp#27;[36morg.jboss.weld.Bootstrap&amp#27;[0;39m - &amp#27;[32mWELD-000154: AfterBeanDiscovery.addBean() called by org.glassfish.jersey.inject.cdi.se.SeBeanRegisterExtension@2f541f60 for org.glassfish.jersey.inject.cdi.se.bean.ClassBean@77da2881
&amp#27;[0;39m2023-05-08 13:19:11,573 [main] &amp#27;[39mDEBUG&amp#27;[0;39m &amp#27;[36morg.jboss.weld.Bean&amp#27;[0;39m - &amp#27;[32mWELD-001529: An InjectionTarget is created for a class org.glassfish.jersey.message.internal.SourceProvider$SaxSourceReader which does not have any appropriate constructor. It will not be possible to produce instances of this type!
&amp#27;[0;39m2023-05-08 13:19:11,573 [main] &amp#27;[39mDEBUG&amp#27;[0;39m &amp#27;[36morg.jboss.weld.Bootstrap&amp#27;[0;39m - &amp#27;[32mWELD-000154: AfterBeanDiscovery.addBean() called by org.glassfish.jersey.inject.cdi.se.SeBeanRegisterExtension@2f541f60 for org.glassfish.jersey.inject.cdi.se.bean.ClassBean@31d791c0
&amp#27;[0;39m2023-05-08 13:19:11,573 [main] &amp#27;[39mDEBUG&amp#27;[0;39m &amp#27;[36morg.jboss.weld.Reflection&amp#27;[0;39m - &amp#27;[32mWELD-000601: interface org.glassfish.jersey.internal.inject.Custom is missing @Target. Weld will use this annotation, however this may make the application unportable.
&amp#27;[0;39m2023-05-08 13:19:11,573 [main] &amp#27;[39mDEBUG&amp#27;[0;39m &amp#27;[36morg.jboss.weld.Bootstrap&amp#27;[0;39m - &amp#27;[32mWELD-000154: AfterBeanDiscovery.addBean() called by org.glassfish.jersey.inject.cdi.se.SeBeanRegisterExtension@2f541f60 for org.glassfish.jersey.inject.cdi.se.bean.InstanceBean@623c9988
&amp#27;[0;39m2023-05-08 13:19:11,573 [main] &amp#27;[39mDEBUG&amp#27;[0;39m &amp#27;[36morg.jboss.weld.Bootstrap&amp#27;[0;39m - &amp#27;[32mWELD-000154: AfterBeanDiscovery.addBean() called by org.glassfish.jersey.inject.cdi.se.SeBeanRegisterExtension@2f541f60 for org.glassfish.jersey.inject.cdi.se.bean.InstanceBean@66ab3716
&amp#27;[0;39m2023-05-08 13:19:11,573 [main] &amp#27;[39mDEBUG&amp#27;[0;39m &amp#27;[36morg.jboss.weld.Bootstrap&amp#27;[0;39m - &amp#27;[32mWELD-000154: AfterBeanDiscovery.addBean() called by org.glassfish.jersey.inject.cdi.se.SeBeanRegisterExtension@2f541f60 for org.glassfish.jersey.inject.cdi.se.bean.InstanceBean@103a1ad3
&amp#27;[0;39m2023-05-08 13:19:11,573 [main] &amp#27;[39mDEBUG&amp#27;[0;39m &amp#27;[36morg.jboss.weld.Bootstrap&amp#27;[0;39m - &amp#27;[32mWELD-000154: AfterBeanDiscovery.addBean() called by org.glassfish.jersey.inject.cdi.se.SeBeanRegisterExtension@2f541f60 for org.glassfish.jersey.inject.cdi.se.bean.ClassBean@f9919a2
&amp#27;[0;39m2023-05-08 13:19:11,579 [main] &amp#27;[39mDEBUG&amp#27;[0;39m &amp#27;[36morg.jboss.weld.Bootstrap&amp#27;[0;39m - &amp#27;[32mWELD-000154: AfterBeanDiscovery.addBean() called by org.glassfish.jersey.inject.cdi.se.SeBeanRegisterExtension@2f541f60 for org.glassfish.jersey.inject.cdi.se.bean.ClassBean@4e451f9a
&amp#27;[0;39m2023-05-08 13:19:11,579 [main] &amp#27;[39mDEBUG&amp#27;[0;39m &amp#27;[36morg.jboss.weld.Bootstrap&amp#27;[0;39m - &amp#27;[32mWELD-000154: AfterBeanDiscovery.addBean() called by org.glassfish.jersey.inject.cdi.se.SeBeanRegisterExtension@2f541f60 for org.glassfish.jersey.inject.cdi.se.bean.ClassBean@5a8149f6
&amp#27;[0;39m2023-05-08 13:19:11,580 [main] &amp#27;[39mDEBUG&amp#27;[0;39m &amp#27;[36morg.jboss.weld.Bootstrap&amp#27;[0;39m - &amp#27;[32mWELD-000154: AfterBeanDiscovery.addBean() called by org.glassfish.jersey.inject.cdi.se.SeBeanRegisterExtension@2f541f60 for org.glassfish.jersey.inject.cdi.se.bean.ClassBean@380cd266
&amp#27;[0;39m2023-05-08 13:19:11,581 [main] &amp#27;[39mDEBUG&amp#27;[0;39m &amp#27;[36morg.jboss.weld.Bootstrap&amp#27;[0;39m - &amp#27;[32mWELD-000154: AfterBeanDiscovery.addBean() called by org.glassfish.jersey.inject.cdi.se.SeBeanRegisterExtension@2f541f60 for org.glassfish.jersey.inject.cdi.se.bean.ClassBean@2ac7c683
&amp#27;[0;39m2023-05-08 13:19:11,581 [main] &amp#27;[39mDEBUG&amp#27;[0;39m &amp#27;[36morg.jboss.weld.Bootstrap&amp#27;[0;39m - &amp#27;[32mWELD-000154: AfterBeanDiscovery.addBean() called by org.glassfish.jersey.inject.cdi.se.SeBeanRegisterExtension@2f541f60 for org.glassfish.jersey.inject.cdi.se.bean.ClassBean@6bb46040
&amp#27;[0;39m2023-05-08 13:19:11,581 [main] &amp#27;[39mDEBUG&amp#27;[0;39m &amp#27;[36morg.jboss.weld.Bootstrap&amp#27;[0;39m - &amp#27;[32mWELD-000154: AfterBeanDiscovery.addBean() called by org.glassfish.jersey.inject.cdi.se.SeBeanRegisterExtension@2f541f60 for org.glassfish.jersey.inject.cdi.se.bean.ClassBean@4fd70118
&amp#27;[0;39m2023-05-08 13:19:11,582 [main] &amp#27;[39mDEBUG&amp#27;[0;39m &amp#27;[36morg.jboss.weld.Bootstrap&amp#27;[0;39m - &amp#27;[32mWELD-000154: AfterBeanDiscovery.addBean() called by org.glassfish.jersey.inject.cdi.se.SeBeanRegisterExtension@2f541f60 for org.glassfish.jersey.inject.cdi.se.bean.ClassBean@68a1bb31
&amp#27;[0;39m2023-05-08 13:19:11,582 [main] &amp#27;[39mDEBUG&amp#27;[0;39m &amp#27;[36morg.jboss.weld.Bootstrap&amp#27;[0;39m - &amp#27;[32mWELD-000154: AfterBeanDiscovery.addBean() called by org.glassfish.jersey.inject.cdi.se.SeBeanRegisterExtension@2f541f60 for org.glassfish.jersey.inject.cdi.se.bean.ClassBean@4f09d998
&amp#27;[0;39m2023-05-08 13:19:11,582 [main] &amp#27;[39mDEBUG&amp#27;[0;39m &amp#27;[36morg.jboss.weld.Bootstrap&amp#27;[0;39m - &amp#27;[32mWELD-000154: AfterBeanDiscovery.addBean() called by org.glassfish.jersey.inject.cdi.se.SeBeanRegisterExtension@2f541f60 for org.glassfish.jersey.inject.cdi.se.bean.ClassBean@73543048
&amp#27;[0;39m2023-05-08 13:19:11,583 [main] &amp#27;[39mDEBUG&amp#27;[0;39m &amp#27;[36morg.jboss.weld.Bootstrap&amp#27;[0;39m - &amp#27;[32mWELD-000154: AfterBeanDiscovery.addBean() called by org.glassfish.jersey.inject.cdi.se.SeBeanRegisterExtension@2f541f60 for org.glassfish.jersey.inject.cdi.se.bean.ClassBean@6023b54f
&amp#27;[0;39m2023-05-08 13:19:11,583 [main] &amp#27;[39mDEBUG&amp#27;[0;39m &amp#27;[36morg.jboss.weld.Bootstrap&amp#27;[0;39m - &amp#27;[32mWELD-000154: AfterBeanDiscovery.addBean() called by org.glassfish.jersey.inject.cdi.se.SeBeanRegisterExtension@2f541f60 for org.glassfish.jersey.inject.cdi.se.bean.ClassBean@42bbd21c
&amp#27;[0;39m2023-05-08 13:19:11,583 [main] &amp#27;[39mDEBUG&amp#27;[0;39m &amp#27;[36morg.jboss.weld.Bootstrap&amp#27;[0;39m - &amp#27;[32mWELD-000154: AfterBeanDiscovery.addBean() called by org.glassfish.jersey.inject.cdi.se.SeBeanRegisterExtension@2f541f60 for org.glassfish.jersey.inject.cdi.se.bean.ClassBean@37806ccb
&amp#27;[0;39m2023-05-08 13:19:11,584 [main] &amp#27;[39mDEBUG&amp#27;[0;39m &amp#27;[36morg.jboss.weld.Bootstrap&amp#27;[0;39m - &amp#27;[32mWELD-000154: AfterBeanDiscovery.addBean() called by org.glassfish.jersey.inject.cdi.se.SeBeanRegisterExtension@2f541f60 for org.glassfish.jersey.inject.cdi.se.bean.InstanceBean@606d2a92
&amp#27;[0;39m2023-05-08 13:19:11,584 [main] &amp#27;[39mDEBUG&amp#27;[0;39m &amp#27;[36morg.jboss.weld.Bootstrap&amp#27;[0;39m - &amp#27;[32mWELD-000154: AfterBeanDiscovery.addBean() called by org.glassfish.jersey.inject.cdi.se.SeBeanRegisterExtension@2f541f60 for org.glassfish.jersey.inject.cdi.se.bean.InstanceBean@4a84beb7
&amp#27;[0;39m2023-05-08 13:19:11,584 [main] &amp#27;[39mDEBUG&amp#27;[0;39m &amp#27;[36morg.jboss.weld.Bootstrap&amp#27;[0;39m - &amp#27;[32mWELD-000154: AfterBeanDiscovery.addBean() called by org.glassfish.jersey.inject.cdi.se.SeBeanRegisterExtension@2f541f60 for org.glassfish.jersey.inject.cdi.se.bean.SupplierInstanceBean@72924f19
&amp#27;[0;39m2023-05-08 13:19:11,584 [main] &amp#27;[39mDEBUG&amp#27;[0;39m &amp#27;[36morg.jboss.weld.Bootstrap&amp#27;[0;39m - &amp#27;[32mWELD-000154: AfterBeanDiscovery.addBean() called by org.glassfish.jersey.inject.cdi.se.SeBeanRegisterExtension@2f541f60 for org.glassfish.jersey.inject.cdi.se.bean.SupplierInstanceBeanBridge@46c093b4
&amp#27;[0;39m2023-05-08 13:19:11,584 [main] &amp#27;[39mDEBUG&amp#27;[0;39m &amp#27;[36morg.jboss.weld.Bootstrap&amp#27;[0;39m - &amp#27;[32mWELD-000154: AfterBeanDiscovery.addBean() called by org.glassfish.jersey.inject.cdi.se.SeBeanRegisterExtension@2f541f60 for org.glassfish.jersey.inject.cdi.se.bean.SupplierInstanceBean@4ff00844
&amp#27;[0;39m2023-05-08 13:19:11,584 [main] &amp#27;[39mDEBUG&amp#27;[0;39m &amp#27;[36morg.jboss.weld.Bootstrap&amp#27;[0;39m - &amp#27;[32mWELD-000154: AfterBeanDiscovery.addBean() called by org.glassfish.jersey.inject.cdi.se.SeBeanRegisterExtension@2f541f60 for org.glassfish.jersey.inject.cdi.se.bean.SupplierInstanceBeanBridge@20ee660b
&amp#27;[0;39m2023-05-08 13:19:11,584 [main] &amp#27;[39mDEBUG&amp#27;[0;39m &amp#27;[36morg.jboss.weld.Bootstrap&amp#27;[0;39m - &amp#27;[32mWELD-000154: AfterBeanDiscovery.addBean() called by org.glassfish.jersey.inject.cdi.se.SeBeanRegisterExtension@2f541f60 for org.glassfish.jersey.inject.cdi.se.bean.InstanceBean@40e41f88
&amp#27;[0;39m2023-05-08 13:19:11,585 [main] &amp#27;[39mDEBUG&amp#27;[0;39m &amp#27;[36morg.jboss.weld.Bootstrap&amp#27;[0;39m - &amp#27;[32mWELD-000154: AfterBeanDiscovery.addBean() called by org.glassfish.jersey.inject.cdi.se.SeBeanRegisterExtension@2f541f60 for org.glassfish.jersey.inject.cdi.se.RequestScopeBean@c3e5e3c
&amp#27;[0;39m2023-05-08 13:19:11,585 [main] &amp#27;[39mDEBUG&amp#27;[0;39m &amp#27;[36morg.jboss.weld.Bootstrap&amp#27;[0;39m - &amp#27;[32mWELD-000156: AfterBeanDiscovery.addContext() called by org.jboss.weld.environment.se.WeldSEBeanRegistrant@21f421b8 for org.jboss.weld.environment.se.contexts.ThreadContext@11f752d1
&amp#27;[0;39m2023-05-08 13:19:11,585 [main] &amp#27;[39mDEBUG&amp#27;[0;39m &amp#27;[36morg.jboss.weld.Bootstrap&amp#27;[0;39m - &amp#27;[32mWELD-000106: Bean: org.glassfish.jersey.inject.cdi.se.bean.InstanceBean@24ea71d
&amp#27;[0;39m2023-05-08 13:19:11,585 [main] &amp#27;[39mDEBUG&amp#27;[0;39m &amp#27;[36morg.jboss.weld.Bootstrap&amp#27;[0;39m - &amp#27;[32mWELD-000106: Bean: org.glassfish.jersey.inject.cdi.se.bean.ClassBean@ce5a2ea
&amp#27;[0;39m2023-05-08 13:19:11,585 [main] &amp#27;[39mDEBUG&amp#27;[0;39m &amp#27;[36morg.jboss.weld.Bootstrap&amp#27;[0;39m - &amp#27;[32mWELD-000106: Bean: org.glassfish.jersey.inject.cdi.se.bean.ClassBean@40612056
&amp#27;[0;39m2023-05-08 13:19:11,585 [main] &amp#27;[39mDEBUG&amp#27;[0;39m &amp#27;[36morg.jboss.weld.Bootstrap&amp#27;[0;39m - &amp#27;[32mWELD-000106: Bean: org.glassfish.jersey.inject.cdi.se.bean.ClassBean@77e64a46
&amp#27;[0;39m2023-05-08 13:19:11,585 [main] &amp#27;[39mDEBUG&amp#27;[0;39m &amp#27;[36morg.jboss.weld.Bootstrap&amp#27;[0;39m - &amp#27;[32mWELD-000106: Bean: org.glassfish.jersey.inject.cdi.se.bean.ClassBean@174d5cf7
&amp#27;[0;39m2023-05-08 13:19:11,585 [main] &amp#27;[39mDEBUG&amp#27;[0;39m &amp#27;[36morg.jboss.weld.Bootstrap&amp#27;[0;39m - &amp#27;[32mWELD-000106: Bean: org.glassfish.jersey.inject.cdi.se.bean.ClassBean@3aac31b7
&amp#27;[0;39m2023-05-08 13:19:11,585 [main] &amp#27;[39mDEBUG&amp#27;[0;39m &amp#27;[36morg.jboss.weld.Bootstrap&amp#27;[0;39m - &amp#27;[32mWELD-000106: Bean: org.glassfish.jersey.inject.cdi.se.bean.SupplierClassBean@190cc39e
&amp#27;[0;39m2023-05-08 13:19:11,585 [main] &amp#27;[39mDEBUG&amp#27;[0;39m &amp#27;[36morg.jboss.weld.Bootstrap&amp#27;[0;39m - &amp#27;[32mWELD-000106: Bean: org.glassfish.jersey.inject.cdi.se.bean.SupplierBeanBridge@4a2f1ae3
&amp#27;[0;39m2023-05-08 13:19:11,585 [main] &amp#27;[39mDEBUG&amp#27;[0;39m &amp#27;[36morg.jboss.weld.Bootstrap&amp#27;[0;39m - &amp#27;[32mWELD-000106: Bean: org.glassfish.jersey.inject.cdi.se.bean.SupplierInstanceBean@48b1b469
&amp#27;[0;39m2023-05-08 13:19:11,585 [main] &amp#27;[39mDEBUG&amp#27;[0;39m &amp#27;[36morg.jboss.weld.Bootstrap&amp#27;[0;39m - &amp#27;[32mWELD-000106: Bean: org.glassfish.jersey.inject.cdi.se.bean.SupplierInstanceBeanBridge@6a887649
&amp#27;[0;39m2023-05-08 13:19:11,585 [main] &amp#27;[39mDEBUG&amp#27;[0;39m &amp#27;[36morg.jboss.weld.Bootstrap&amp#27;[0;39m - &amp#27;[32mWELD-000106: Bean: org.glassfish.jersey.inject.cdi.se.bean.SupplierClassBean@62fa4a88
&amp#27;[0;39m2023-05-08 13:19:11,585 [main] &amp#27;[39mDEBUG&amp#27;[0;39m &amp#27;[36morg.jboss.weld.Bootstrap&amp#27;[0;39m - &amp#27;[32mWELD-000106: Bean: org.glassfish.jersey.inject.cdi.se.bean.SupplierBeanBridge@4b6942a0
&amp#27;[0;39m2023-05-08 13:19:11,585 [main] &amp#27;[39mDEBUG&amp#27;[0;39m &amp#27;[36morg.jboss.weld.Bootstrap&amp#27;[0;39m - &amp#27;[32mWELD-000106: Bean: org.glassfish.jersey.inject.cdi.se.bean.SupplierInstanceBean@64641998
&amp#27;[0;39m2023-05-08 13:19:11,586 [main] &amp#27;[39mDEBUG&amp#27;[0;39m &amp#27;[36morg.jboss.weld.Bootstrap&amp#27;[0;39m - &amp#27;[32mWELD-000106: Bean: org.glassfish.jersey.inject.cdi.se.bean.SupplierInstanceBeanBridge@2e845f1c
&amp#27;[0;39m2023-05-08 13:19:11,586 [main] &amp#27;[39mDEBUG&amp#27;[0;39m &amp#27;[36morg.jboss.weld.Bootstrap&amp#27;[0;39m - &amp#27;[32mWELD-000106: Bean: org.glassfish.jersey.inject.cdi.se.bean.ClassBean@627ad446
&amp#27;[0;39m2023-05-08 13:19:11,586 [main] &amp#27;[39mDEBUG&amp#27;[0;39m &amp#27;[36morg.jboss.weld.Bootstrap&amp#27;[0;39m - &amp#27;[32mWELD-000106: Bean: org.glassfish.jersey.inject.cdi.se.bean.SupplierClassBean@513ddf5f
&amp#27;[0;39m2023-05-08 13:19:11,586 [main] &amp#27;[39mDEBUG&amp#27;[0;39m &amp#27;[36morg.jboss.weld.Bootstrap&amp#27;[0;39m - &amp#27;[32mWELD-000106: Bean: org.glassfish.jersey.inject.cdi.se.bean.SupplierBeanBridge@6109366a
&amp#27;[0;39m2023-05-08 13:19:11,586 [main] &amp#27;[39mDEBUG&amp#27;[0;39m &amp#27;[36morg.jboss.weld.Bootstrap&amp#27;[0;39m - &amp#27;[32mWELD-000106: Bean: org.glassfish.jersey.inject.cdi.se.bean.SupplierClassBean@67201002
&amp#27;[0;39m2023-05-08 13:19:11,586 [main] &amp#27;[39mDEBUG&amp#27;[0;39m &amp#27;[36morg.jboss.weld.Bootstrap&amp#27;[0;39m - &amp#27;[32mWELD-000106: Bean: org.glassfish.jersey.inject.cdi.se.bean.SupplierBeanBridge@6ddc9001
&amp#27;[0;39m2023-05-08 13:19:11,586 [main] &amp#27;[39mDEBUG&amp#27;[0;39m &amp#27;[36morg.jboss.weld.Bootstrap&amp#27;[0;39m - &amp#27;[32mWELD-000106: Bean: org.glassfish.jersey.inject.cdi.se.bean.SupplierClassBean@510e0dd2
&amp#27;[0;39m2023-05-08 13:19:11,586 [main] &amp#27;[39mDEBUG&amp#27;[0;39m &amp#27;[36morg.jboss.weld.Bootstrap&amp#27;[0;39m - &amp#27;[32mWELD-000106: Bean: org.glassfish.jersey.inject.cdi.se.bean.SupplierBeanBridge@54a98358
&amp#27;[0;39m2023-05-08 13:19:11,586 [main] &amp#27;[39mDEBUG&amp#27;[0;39m &amp#27;[36morg.jboss.weld.Bootstrap&amp#27;[0;39m - &amp#27;[32mWELD-000106: Bean: org.glassfish.jersey.inject.cdi.se.bean.ClassBean@1ff52a71
&amp#27;[0;39m2023-05-08 13:19:11,586 [main] &amp#27;[39mDEBUG&amp#27;[0;39m &amp#27;[36morg.jboss.weld.Bootstrap&amp#27;[0;39m - &amp#27;[32mWELD-000106: Bean: org.glassfish.jersey.inject.cdi.se.bean.SupplierClassBean@3db3668
&amp#27;[0;39m2023-05-08 13:19:11,586 [main] &amp#27;[39mDEBUG&amp#27;[0;39m &amp#27;[36morg.jboss.weld.Bootstrap&amp#27;[0;39m - &amp#27;[32mWELD-000106: Bean: org.glassfish.jersey.inject.cdi.se.bean.SupplierBeanBridge@125c03d3
&amp#27;[0;39m2023-05-08 13:19:11,586 [main] &amp#27;[39mDEBUG&amp#27;[0;39m &amp#27;[36morg.jboss.weld.Bootstrap&amp#27;[0;39m - &amp#27;[32mWELD-000106: Bean: org.glassfish.jersey.inject.cdi.se.bean.SupplierClassBean@4fcb796f
&amp#27;[0;39m2023-05-08 13:19:11,586 [main] &amp#27;[39mDEBUG&amp#27;[0;39m &amp#27;[36morg.jboss.weld.Bootstrap&amp#27;[0;39m - &amp#27;[32mWELD-000106: Bean: org.glassfish.jersey.inject.cdi.se.bean.SupplierBeanBridge@1483c738
&amp#27;[0;39m2023-05-08 13:19:11,586 [main] &amp#27;[39mDEBUG&amp#27;[0;39m &amp#27;[36morg.jboss.weld.Bootstrap&amp#27;[0;39m - &amp#27;[32mWELD-000106: Bean: org.glassfish.jersey.inject.cdi.se.bean.ClassBean@5af8ef61
&amp#27;[0;39m2023-05-08 13:19:11,586 [main] &amp#27;[39mDEBUG&amp#27;[0;39m &amp#27;[36morg.jboss.weld.Bootstrap&amp#27;[0;39m - &amp#27;[32mWELD-000106: Bean: org.glassfish.jersey.inject.cdi.se.bean.InstanceBean@5620470a
&amp#27;[0;39m2023-05-08 13:19:11,586 [main] &amp#27;[39mDEBUG&amp#27;[0;39m &amp#27;[36morg.jboss.weld.Bootstrap&amp#27;[0;39m - &amp#27;[32mWELD-000106: Bean: org.glassfish.jersey.inject.cdi.se.bean.InstanceBean@29682244
&amp#27;[0;39m2023-05-08 13:19:11,586 [main] &amp#27;[39mDEBUG&amp#27;[0;39m &amp#27;[36morg.jboss.weld.Bootstrap&amp#27;[0;39m - &amp#27;[32mWELD-000106: Bean: org.glassfish.jersey.inject.cdi.se.bean.InstanceBean@3368cf02
&amp#27;[0;39m2023-05-08 13:19:11,586 [main] &amp#27;[39mDEBUG&amp#27;[0;39m &amp#27;[36morg.jboss.weld.Bootstrap&amp#27;[0;39m - &amp#27;[32mWELD-000106: Bean: org.glassfish.jersey.inject.cdi.se.bean.InstanceBean@2e76ade9
&amp#27;[0;39m2023-05-08 13:19:11,586 [main] &amp#27;[39mDEBUG&amp#27;[0;39m &amp#27;[36morg.jboss.weld.Bootstrap&amp#27;[0;39m - &amp#27;[32mWELD-000106: Bean: org.glassfish.jersey.inject.cdi.se.bean.InstanceBean@7a3ab73a
&amp#27;[0;39m2023-05-08 13:19:11,586 [main] &amp#27;[39mDEBUG&amp#27;[0;39m &amp#27;[36morg.jboss.weld.Bootstrap&amp#27;[0;39m - &amp#27;[32mWELD-000106: Bean: org.glassfish.jersey.inject.cdi.se.bean.InstanceBean@12a8d03b
&amp#27;[0;39m2023-05-08 13:19:11,586 [main] &amp#27;[39mDEBUG&amp#27;[0;39m &amp#27;[36morg.jboss.weld.Bootstrap&amp#27;[0;39m - &amp#27;[32mWELD-000106: Bean: org.glassfish.jersey.inject.cdi.se.bean.InstanceBean@67cd1db3
&amp#27;[0;39m2023-05-08 13:19:11,586 [main] &amp#27;[39mDEBUG&amp#27;[0;39m &amp#27;[36morg.jboss.weld.Bootstrap&amp#27;[0;39m - &amp#27;[32mWELD-000106: Bean: org.glassfish.jersey.inject.cdi.se.bean.InstanceBean@7ccfed46
&amp#27;[0;39m2023-05-08 13:19:11,586 [main] &amp#27;[39mDEBUG&amp#27;[0;39m &amp#27;[36morg.jboss.weld.Bootstrap&amp#27;[0;39m - &amp#27;[32mWELD-000106: Bean: org.glassfish.jersey.inject.cdi.se.bean.InstanceBean@53630682
&amp#27;[0;39m2023-05-08 13:19:11,586 [main] &amp#27;[39mDEBUG&amp#27;[0;39m &amp#27;[36morg.jboss.weld.Bootstrap&amp#27;[0;39m - &amp#27;[32mWELD-000106: Bean: org.glassfish.jersey.inject.cdi.se.bean.InstanceBean@71e2ddd
&amp#27;[0;39m2023-05-08 13:19:11,586 [main] &amp#27;[39mDEBUG&amp#27;[0;39m &amp#27;[36morg.jboss.weld.Bootstrap&amp#27;[0;39m - &amp#27;[32mWELD-000106: Bean: org.glassfish.jersey.inject.cdi.se.bean.InstanceBean@8318808
&amp#27;[0;39m2023-05-08 13:19:11,586 [main] &amp#27;[39mDEBUG&amp#27;[0;39m &amp#27;[36morg.jboss.weld.Bootstrap&amp#27;[0;39m - &amp#27;[32mWELD-000106: Bean: org.glassfish.jersey.inject.cdi.se.bean.InstanceBean@b97f195
&amp#27;[0;39m2023-05-08 13:19:11,586 [main] &amp#27;[39mDEBUG&amp#27;[0;39m &amp#27;[36morg.jboss.weld.Bootstrap&amp#27;[0;39m - &amp#27;[32mWELD-000106: Bean: org.glassfish.jersey.inject.cdi.se.bean.InstanceBean@408bb173
&amp#27;[0;39m2023-05-08 13:19:11,586 [main] &amp#27;[39mDEBUG&amp#27;[0;39m &amp#27;[36morg.jboss.weld.Bootstrap&amp#27;[0;39m - &amp#27;[32mWELD-000106: Bean: org.glassfish.jersey.inject.cdi.se.bean.ClassBean@623be2a0
&amp#27;[0;39m2023-05-08 13:19:11,586 [main] &amp#27;[39mDEBUG&amp#27;[0;39m &amp#27;[36morg.jboss.weld.Bootstrap&amp#27;[0;39m - &amp#27;[32mWELD-000106: Bean: org.glassfish.jersey.inject.cdi.se.bean.InstanceBean@3b44ed3c
&amp#27;[0;39m2023-05-08 13:19:11,586 [main] &amp#27;[39mDEBUG&amp#27;[0;39m &amp#27;[36morg.jboss.weld.Bootstrap&amp#27;[0;39m - &amp#27;[32mWELD-000106: Bean: org.glassfish.jersey.inject.cdi.se.bean.InstanceBean@1df83569
&amp#27;[0;39m2023-05-08 13:19:11,586 [main] &amp#27;[39mDEBUG&amp#27;[0;39m &amp#27;[36morg.jboss.weld.Bootstrap&amp#27;[0;39m - &amp#27;[32mWELD-000106: Bean: org.glassfish.jersey.inject.cdi.se.bean.InstanceBean@439047ef
&amp#27;[0;39m2023-05-08 13:19:11,586 [main] &amp#27;[39mDEBUG&amp#27;[0;39m &amp#27;[36morg.jboss.weld.Bootstrap&amp#27;[0;39m - &amp#27;[32mWELD-000106: Bean: org.glassfish.jersey.inject.cdi.se.bean.InstanceBean@7e0393df
&amp#27;[0;39m2023-05-08 13:19:11,586 [main] &amp#27;[39mDEBUG&amp#27;[0;39m &amp#27;[36morg.jboss.weld.Bootstrap&amp#27;[0;39m - &amp#27;[32mWELD-000106: Bean: org.glassfish.jersey.inject.cdi.se.bean.InstanceBean@62b2bc2e
&amp#27;[0;39m2023-05-08 13:19:11,586 [main] &amp#27;[39mDEBUG&amp#27;[0;39m &amp#27;[36morg.jboss.weld.Bootstrap&amp#27;[0;39m - &amp#27;[32mWELD-000106: Bean: org.glassfish.jersey.inject.cdi.se.bean.InstanceBean@3e3d8e6c
&amp#27;[0;39m2023-05-08 13:19:11,586 [main] &amp#27;[39mDEBUG&amp#27;[0;39m &amp#27;[36morg.jboss.weld.Bootstrap&amp#27;[0;39m - &amp#27;[32mWELD-000106: Bean: org.glassfish.jersey.inject.cdi.se.bean.ClassBean@3894d1b1
&amp#27;[0;39m2023-05-08 13:19:11,586 [main] &amp#27;[39mDEBUG&amp#27;[0;39m &amp#27;[36morg.jboss.weld.Bootstrap&amp#27;[0;39m - &amp#27;[32mWELD-000106: Bean: org.glassfish.jersey.inject.cdi.se.bean.ClassBean@525c0f74
&amp#27;[0;39m2023-05-08 13:19:11,586 [main] &amp#27;[39mDEBUG&amp#27;[0;39m &amp#27;[36morg.jboss.weld.Bootstrap&amp#27;[0;39m - &amp#27;[32mWELD-000106: Bean: org.glassfish.jersey.inject.cdi.se.bean.ClassBean@1b949de4
&amp#27;[0;39m2023-05-08 13:19:11,586 [main] &amp#27;[39mDEBUG&amp#27;[0;39m &amp#27;[36morg.jboss.weld.Bootstrap&amp#27;[0;39m - &amp#27;[32mWELD-000106: Bean: org.glassfish.jersey.inject.cdi.se.bean.ClassBean@7ef8899d
&amp#27;[0;39m2023-05-08 13:19:11,586 [main] &amp#27;[39mDEBUG&amp#27;[0;39m &amp#27;[36morg.jboss.weld.Bootstrap&amp#27;[0;39m - &amp#27;[32mWELD-000106: Bean: org.glassfish.jersey.inject.cdi.se.bean.ClassBean@321302bc
&amp#27;[0;39m2023-05-08 13:19:11,586 [main] &amp#27;[39mDEBUG&amp#27;[0;39m &amp#27;[36morg.jboss.weld.Bootstrap&amp#27;[0;39m - &amp#27;[32mWELD-000106: Bean: org.glassfish.jersey.inject.cdi.se.bean.ClassBean@3dedc8b8
&amp#27;[0;39m2023-05-08 13:19:11,586 [main] &amp#27;[39mDEBUG&amp#27;[0;39m &amp#27;[36morg.jboss.weld.Bootstrap&amp#27;[0;39m - &amp#27;[32mWELD-000106: Bean: org.glassfish.jersey.inject.cdi.se.bean.ClassBean@72ae1007
&amp#27;[0;39m2023-05-08 13:19:11,586 [main] &amp#27;[39mDEBUG&amp#27;[0;39m &amp#27;[36morg.jboss.weld.Bootstrap&amp#27;[0;39m - &amp#27;[32mWELD-000106: Bean: org.glassfish.jersey.inject.cdi.se.bean.ClassBean@7a0eb939
&amp#27;[0;39m2023-05-08 13:19:11,586 [main] &amp#27;[39mDEBUG&amp#27;[0;39m &amp#27;[36morg.jboss.weld.Bootstrap&amp#27;[0;39m - &amp#27;[32mWELD-000106: Bean: org.glassfish.jersey.inject.cdi.se.bean.ClassBean@7c0ecdbf
&amp#27;[0;39m2023-05-08 13:19:11,586 [main] &amp#27;[39mDEBUG&amp#27;[0;39m &amp#27;[36morg.jboss.weld.Bootstrap&amp#27;[0;39m - &amp#27;[32mWELD-000106: Bean: org.glassfish.jersey.inject.cdi.se.bean.ClassBean@6c427386
&amp#27;[0;39m2023-05-08 13:19:11,586 [main] &amp#27;[39mDEBUG&amp#27;[0;39m &amp#27;[36morg.jboss.weld.Bootstrap&amp#27;[0;39m - &amp#27;[32mWELD-000106: Bean: org.glassfish.jersey.inject.cdi.se.bean.ClassBean@4d50f682
&amp#27;[0;39m2023-05-08 13:19:11,586 [main] &amp#27;[39mDEBUG&amp#27;[0;39m &amp#27;[36morg.jboss.weld.Bootstrap&amp#27;[0;39m - &amp#27;[32mWELD-000106: Bean: org.glassfish.jersey.inject.cdi.se.bean.ClassBean@1b6e32ee
&amp#27;[0;39m2023-05-08 13:19:11,586 [main] &amp#27;[39mDEBUG&amp#27;[0;39m &amp#27;[36morg.jboss.weld.Bootstrap&amp#27;[0;39m - &amp#27;[32mWELD-000106: Bean: org.glassfish.jersey.inject.cdi.se.bean.ClassBean@757ad227
&amp#27;[0;39m2023-05-08 13:19:11,586 [main] &amp#27;[39mDEBUG&amp#27;[0;39m &amp#27;[36morg.jboss.weld.Bootstrap&amp#27;[0;39m - &amp#27;[32mWELD-000106: Bean: org.glassfish.jersey.inject.cdi.se.bean.ClassBean@1ab780fd
&amp#27;[0;39m2023-05-08 13:19:11,586 [main] &amp#27;[39mDEBUG&amp#27;[0;39m &amp#27;[36morg.jboss.weld.Bootstrap&amp#27;[0;39m - &amp#27;[32mWELD-000106: Bean: org.glassfish.jersey.inject.cdi.se.bean.ClassBean@628b9af5
&amp#27;[0;39m2023-05-08 13:19:11,586 [main] &amp#27;[39mDEBUG&amp#27;[0;39m &amp#27;[36morg.jboss.weld.Bootstrap&amp#27;[0;39m - &amp#27;[32mWELD-000106: Bean: org.glassfish.jersey.inject.cdi.se.bean.ClassBean@9fc125b
&amp#27;[0;39m2023-05-08 13:19:11,586 [main] &amp#27;[39mDEBUG&amp#27;[0;39m &amp#27;[36morg.jboss.weld.Bootstrap&amp#27;[0;39m - &amp#27;[32mWELD-000106: Bean: org.glassfish.jersey.inject.cdi.se.bean.ClassBean@4c69b396
&amp#27;[0;39m2023-05-08 13:19:11,586 [main] &amp#27;[39mDEBUG&amp#27;[0;39m &amp#27;[36morg.jboss.weld.Bootstrap&amp#27;[0;39m - &amp#27;[32mWELD-000106: Bean: org.glassfish.jersey.inject.cdi.se.bean.ClassBean@7aa5292d
&amp#27;[0;39m2023-05-08 13:19:11,586 [main] &amp#27;[39mDEBUG&amp#27;[0;39m &amp#27;[36morg.jboss.weld.Bootstrap&amp#27;[0;39m - &amp#27;[32mWELD-000106: Bean: org.glassfish.jersey.inject.cdi.se.bean.ClassBean@16ca4532
&amp#27;[0;39m2023-05-08 13:19:11,586 [main] &amp#27;[39mDEBUG&amp#27;[0;39m &amp#27;[36morg.jboss.weld.Bootstrap&amp#27;[0;39m - &amp#27;[32mWELD-000106: Bean: org.glassfish.jersey.inject.cdi.se.bean.ClassBean@77da2881
&amp#27;[0;39m2023-05-08 13:19:11,586 [main] &amp#27;[39mDEBUG&amp#27;[0;39m &amp#27;[36morg.jboss.weld.Bootstrap&amp#27;[0;39m - &amp#27;[32mWELD-000106: Bean: org.glassfish.jersey.inject.cdi.se.bean.ClassBean@31d791c0
&amp#27;[0;39m2023-05-08 13:19:11,586 [main] &amp#27;[39mDEBUG&amp#27;[0;39m &amp#27;[36morg.jboss.weld.Bootstrap&amp#27;[0;39m - &amp#27;[32mWELD-000106: Bean: org.glassfish.jersey.inject.cdi.se.bean.InstanceBean@623c9988
&amp#27;[0;39m2023-05-08 13:19:11,586 [main] &amp#27;[39mDEBUG&amp#27;[0;39m &amp#27;[36morg.jboss.weld.Bootstrap&amp#27;[0;39m - &amp#27;[32mWELD-000106: Bean: org.glassfish.jersey.inject.cdi.se.bean.InstanceBean@66ab3716
&amp#27;[0;39m2023-05-08 13:19:11,586 [main] &amp#27;[39mDEBUG&amp#27;[0;39m &amp#27;[36morg.jboss.weld.Bootstrap&amp#27;[0;39m - &amp#27;[32mWELD-000106: Bean: org.glassfish.jersey.inject.cdi.se.bean.InstanceBean@103a1ad3
&amp#27;[0;39m2023-05-08 13:19:11,586 [main] &amp#27;[39mDEBUG&amp#27;[0;39m &amp#27;[36morg.jboss.weld.Bootstrap&amp#27;[0;39m - &amp#27;[32mWELD-000106: Bean: org.glassfish.jersey.inject.cdi.se.bean.ClassBean@f9919a2
&amp#27;[0;39m2023-05-08 13:19:11,586 [main] &amp#27;[39mDEBUG&amp#27;[0;39m &amp#27;[36morg.jboss.weld.Bootstrap&amp#27;[0;39m - &amp#27;[32mWELD-000106: Bean: org.glassfish.jersey.inject.cdi.se.bean.ClassBean@4e451f9a
&amp#27;[0;39m2023-05-08 13:19:11,586 [main] &amp#27;[39mDEBUG&amp#27;[0;39m &amp#27;[36morg.jboss.weld.Bootstrap&amp#27;[0;39m - &amp#27;[32mWELD-000106: Bean: org.glassfish.jersey.inject.cdi.se.bean.ClassBean@5a8149f6
&amp#27;[0;39m2023-05-08 13:19:11,586 [main] &amp#27;[39mDEBUG&amp#27;[0;39m &amp#27;[36morg.jboss.weld.Bootstrap&amp#27;[0;39m - &amp#27;[32mWELD-000106: Bean: org.glassfish.jersey.inject.cdi.se.bean.ClassBean@380cd266
&amp#27;[0;39m2023-05-08 13:19:11,586 [main] &amp#27;[39mDEBUG&amp#27;[0;39m &amp#27;[36morg.jboss.weld.Bootstrap&amp#27;[0;39m - &amp#27;[32mWELD-000106: Bean: org.glassfish.jersey.inject.cdi.se.bean.ClassBean@2ac7c683
&amp#27;[0;39m2023-05-08 13:19:11,587 [main] &amp#27;[39mDEBUG&amp#27;[0;39m &amp#27;[36morg.jboss.weld.Bootstrap&amp#27;[0;39m - &amp#27;[32mWELD-000106: Bean: org.glassfish.jersey.inject.cdi.se.bean.ClassBean@6bb46040
&amp#27;[0;39m2023-05-08 13:19:11,587 [main] &amp#27;[39mDEBUG&amp#27;[0;39m &amp#27;[36morg.jboss.weld.Bootstrap&amp#27;[0;39m - &amp#27;[32mWELD-000106: Bean: org.glassfish.jersey.inject.cdi.se.bean.ClassBean@4fd70118
&amp#27;[0;39m2023-05-08 13:19:11,587 [main] &amp#27;[39mDEBUG&amp#27;[0;39m &amp#27;[36morg.jboss.weld.Bootstrap&amp#27;[0;39m - &amp#27;[32mWELD-000106: Bean: org.glassfish.jersey.inject.cdi.se.bean.ClassBean@68a1bb31
&amp#27;[0;39m2023-05-08 13:19:11,587 [main] &amp#27;[39mDEBUG&amp#27;[0;39m &amp#27;[36morg.jboss.weld.Bootstrap&amp#27;[0;39m - &amp#27;[32mWELD-000106: Bean: org.glassfish.jersey.inject.cdi.se.bean.ClassBean@4f09d998
&amp#27;[0;39m2023-05-08 13:19:11,587 [main] &amp#27;[39mDEBUG&amp#27;[0;39m &amp#27;[36morg.jboss.weld.Bootstrap&amp#27;[0;39m - &amp#27;[32mWELD-000106: Bean: org.glassfish.jersey.inject.cdi.se.bean.ClassBean@73543048
&amp#27;[0;39m2023-05-08 13:19:11,587 [main] &amp#27;[39mDEBUG&amp#27;[0;39m &amp#27;[36morg.jboss.weld.Bootstrap&amp#27;[0;39m - &amp#27;[32mWELD-000106: Bean: org.glassfish.jersey.inject.cdi.se.bean.ClassBean@6023b54f
&amp#27;[0;39m2023-05-08 13:19:11,587 [main] &amp#27;[39mDEBUG&amp#27;[0;39m &amp#27;[36morg.jboss.weld.Bootstrap&amp#27;[0;39m - &amp#27;[32mWELD-000106: Bean: org.glassfish.jersey.inject.cdi.se.bean.ClassBean@42bbd21c
&amp#27;[0;39m2023-05-08 13:19:11,587 [main] &amp#27;[39mDEBUG&amp#27;[0;39m &amp#27;[36morg.jboss.weld.Bootstrap&amp#27;[0;39m - &amp#27;[32mWELD-000106: Bean: org.glassfish.jersey.inject.cdi.se.bean.ClassBean@37806ccb
&amp#27;[0;39m2023-05-08 13:19:11,587 [main] &amp#27;[39mDEBUG&amp#27;[0;39m &amp#27;[36morg.jboss.weld.Bootstrap&amp#27;[0;39m - &amp#27;[32mWELD-000106: Bean: org.glassfish.jersey.inject.cdi.se.bean.InstanceBean@606d2a92
&amp#27;[0;39m2023-05-08 13:19:11,587 [main] &amp#27;[39mDEBUG&amp#27;[0;39m &amp#27;[36morg.jboss.weld.Bootstrap&amp#27;[0;39m - &amp#27;[32mWELD-000106: Bean: org.glassfish.jersey.inject.cdi.se.bean.InstanceBean@4a84beb7
&amp#27;[0;39m2023-05-08 13:19:11,587 [main] &amp#27;[39mDEBUG&amp#27;[0;39m &amp#27;[36morg.jboss.weld.Bootstrap&amp#27;[0;39m - &amp#27;[32mWELD-000106: Bean: org.glassfish.jersey.inject.cdi.se.bean.SupplierInstanceBean@72924f19
&amp#27;[0;39m2023-05-08 13:19:11,587 [main] &amp#27;[39mDEBUG&amp#27;[0;39m &amp#27;[36morg.jboss.weld.Bootstrap&amp#27;[0;39m - &amp#27;[32mWELD-000106: Bean: org.glassfish.jersey.inject.cdi.se.bean.SupplierInstanceBeanBridge@46c093b4
&amp#27;[0;39m2023-05-08 13:19:11,587 [main] &amp#27;[39mDEBUG&amp#27;[0;39m &amp#27;[36morg.jboss.weld.Bootstrap&amp#27;[0;39m - &amp#27;[32mWELD-000106: Bean: org.glassfish.jersey.inject.cdi.se.bean.SupplierInstanceBean@4ff00844
&amp#27;[0;39m2023-05-08 13:19:11,587 [main] &amp#27;[39mDEBUG&amp#27;[0;39m &amp#27;[36morg.jboss.weld.Bootstrap&amp#27;[0;39m - &amp#27;[32mWELD-000106: Bean: org.glassfish.jersey.inject.cdi.se.bean.SupplierInstanceBeanBridge@20ee660b
&amp#27;[0;39m2023-05-08 13:19:11,587 [main] &amp#27;[39mDEBUG&amp#27;[0;39m &amp#27;[36morg.jboss.weld.Bootstrap&amp#27;[0;39m - &amp#27;[32mWELD-000106: Bean: org.glassfish.jersey.inject.cdi.se.bean.InstanceBean@40e41f88
&amp#27;[0;39m2023-05-08 13:19:11,587 [main] &amp#27;[39mDEBUG&amp#27;[0;39m &amp#27;[36morg.jboss.weld.Bootstrap&amp#27;[0;39m - &amp#27;[32mWELD-000106: Bean: org.glassfish.jersey.inject.cdi.se.RequestScopeBean@c3e5e3c
&amp#27;[0;39m2023-05-08 13:19:11,587 [main] &amp#27;[39mDEBUG&amp#27;[0;39m &amp#27;[36morg.jboss.weld.Bootstrap&amp#27;[0;39m - &amp#27;[32mWELD-000154: AfterBeanDiscovery.addBean() called by org.jboss.weld.environment.se.WeldSEBeanRegistrant@21f421b8 for Configurator Bean [class org.jboss.weld.environment.se.WeldSEBeanRegistrant, types: Object, WeldContainer, qualifiers: @Any @Default]
&amp#27;[0;39m2023-05-08 13:19:11,587 [main] &amp#27;[39mDEBUG&amp#27;[0;39m &amp#27;[36morg.jboss.weld.Bootstrap&amp#27;[0;39m - &amp#27;[32mWELD-000106: Bean: Configurator Bean [class org.jboss.weld.environment.se.WeldSEBeanRegistrant, types: Object, WeldContainer, qualifiers: @Any @Default]
&amp#27;[0;39m2023-05-08 13:19:11,587 [main] &amp#27;[39mDEBUG&amp#27;[0;39m &amp#27;[36morg.jboss.weld.BootstrapTracker&amp#27;[0;39m - &amp#27;[32m  END bootstrap > deployBeans > AfterBeanDiscovery (40 ms)
&amp#27;[0;39m2023-05-08 13:19:11,598 [main] &amp#27;[39mDEBUG&amp#27;[0;39m &amp#27;[36morg.jboss.weld.BootstrapTracker&amp#27;[0;39m - &amp#27;[32m  END bootstrap > deployBeans (56 ms)
&amp#27;[0;39m2023-05-08 13:19:11,598 [main] &amp#27;[39mDEBUG&amp#27;[0;39m &amp#27;[36morg.jboss.weld.Bootstrap&amp#27;[0;39m - &amp#27;[32mWELD-000100: Weld initialized. Validating beans
&amp#27;[0;39m2023-05-08 13:19:11,598 [main] &amp#27;[39mDEBUG&amp#27;[0;39m &amp#27;[36morg.jboss.weld.BootstrapTracker&amp#27;[0;39m - &amp#27;[32mSTART bootstrap > validateBeans 
&amp#27;[0;39m2023-05-08 13:19:11,601 [main] &amp#27;[39mDEBUG&amp#27;[0;39m &amp#27;[36morg.jboss.weld.BootstrapTracker&amp#27;[0;39m - &amp#27;[32mSTART bootstrap > validateBeans > AfterDeploymentValidation 
&amp#27;[0;39m2023-05-08 13:19:11,601 [main] &amp#27;[39mDEBUG&amp#27;[0;39m &amp#27;[36morg.jboss.weld.BootstrapTracker&amp#27;[0;39m - &amp#27;[32m  END bootstrap > validateBeans > AfterDeploymentValidation (0 ms)
&amp#27;[0;39m2023-05-08 13:19:11,601 [main] &amp#27;[39mDEBUG&amp#27;[0;39m &amp#27;[36morg.jboss.weld.BootstrapTracker&amp#27;[0;39m - &amp#27;[32m  END bootstrap > validateBeans (2 ms)
&amp#27;[0;39m2023-05-08 13:19:11,601 [main] &amp#27;[39mDEBUG&amp#27;[0;39m &amp#27;[36morg.jboss.weld.BootstrapTracker&amp#27;[0;39m - &amp#27;[32mSTART bootstrap > endInitialization 
&amp#27;[0;39m2023-05-08 13:19:11,602 [main] &amp#27;[39mDEBUG&amp#27;[0;39m &amp#27;[36morg.jboss.weld.BootstrapTracker&amp#27;[0;39m - &amp#27;[32m  END bootstrap > endInitialization (0 ms)
&amp#27;[0;39m2023-05-08 13:19:11,602 [main] &amp#27;[39mDEBUG&amp#27;[0;39m &amp#27;[36morg.jboss.weld.BootstrapTracker&amp#27;[0;39m - &amp#27;[32m  END bootstrap (70 ms)
&amp#27;[0;39m2023-05-08 13:19:11,602 [main] &amp#27;[34mINFO &amp#27;[0;39m &amp#27;[36morg.jboss.weld.Bootstrap&amp#27;[0;39m - &amp#27;[32mWELD-ENV-002003: Weld SE container 367082a0-c9df-47af-b48e-fff5e711e189 initialized
&amp#27;[0;39mUsing the TEST database via persistence-unit --> pu-test 
Using the TEST database via persistence-unit --> pu-test 
2023-05-08 13:19:11,883 [grizzly-http-server-0] &amp#27;[39mDEBUG&amp#27;[0;39m &amp#27;[36md.s.rest.ContainerReqResFilter&amp#27;[0;39m - &amp#27;[32mRequest path: auth/login, method: POST, status: 200
&amp#27;[0;39mUsing the TEST database via persistence-unit --> pu-test 
2023-05-08 13:19:11,975 [grizzly-http-server-1] &amp#27;[39mDEBUG&amp#27;[0;39m &amp#27;[36md.s.rest.ContainerReqResFilter&amp#27;[0;39m - &amp#27;[32mRequest path: auth/login, method: POST, status: 200
&amp#27;[0;39mUsing the TEST database via persistence-unit --> pu-test 
2023-05-08 13:19:12,057 [grizzly-http-server-2] &amp#27;[39mDEBUG&amp#27;[0;39m &amp#27;[36md.s.rest.ContainerReqResFilter&amp#27;[0;39m - &amp#27;[32mRequest path: auth/login, method: POST, status: 200
&amp#27;[0;39m]]></system-out>
    <system-err><![CDATA[May 08, 2023 1:19:11 PM org.glassfish.grizzly.http.server.NetworkListener start
INFO: Started listener bound to [localhost:7777]
May 08, 2023 1:19:11 PM org.glassfish.grizzly.http.server.HttpServer start
INFO: [HttpServer-1] Started.
]]></system-err>
  </testcase>
  <testcase name="userAuthorized" classname="dk.startcode.rest.authentication.AuthenticationResourceTest" time="0.038">
    <system-out><![CDATA[Using the TEST database via persistence-unit --> pu-test 
2023-05-08 13:19:12,104 [grizzly-http-server-3] &amp#27;[39mDEBUG&amp#27;[0;39m &amp#27;[36md.s.rest.ContainerReqResFilter&amp#27;[0;39m - &amp#27;[32mRequest path: auth/user, method: GET, status: 200
&amp#27;[0;39m]]></system-out>
  </testcase>
  <testcase name="userUnauthorized" classname="dk.startcode.rest.authentication.AuthenticationResourceTest" time="0.03">
    <system-out><![CDATA[2023-05-08 13:19:12,136 [grizzly-http-server-4] &amp#27;[39mDEBUG&amp#27;[0;39m &amp#27;[36md.s.rest.ContainerReqResFilter&amp#27;[0;39m - &amp#27;[32mRequest path: auth/user, method: GET, status: 401
&amp#27;[0;39m]]></system-out>
  </testcase>
  <testcase name="all" classname="dk.startcode.rest.authentication.AuthenticationResourceTest" time="0.03">
    <system-out><![CDATA[Using the TEST database via persistence-unit --> pu-test 
2023-05-08 13:19:12,157 [grizzly-http-server-5] &amp#27;[39mDEBUG&amp#27;[0;39m &amp#27;[36md.s.rest.ContainerReqResFilter&amp#27;[0;39m - &amp#27;[32mRequest path: auth/all, method: GET, status: 200
&amp#27;[0;39m]]></system-out>
  </testcase>
  <testcase name="testRegister" classname="dk.startcode.rest.authentication.AuthenticationResourceTest" time="0.096">
    <system-out><![CDATA[Using the TEST database via persistence-unit --> pu-test 
2023-05-08 13:19:12,257 [grizzly-http-server-6] &amp#27;[39mDEBUG&amp#27;[0;39m &amp#27;[36md.s.rest.ContainerReqResFilter&amp#27;[0;39m - &amp#27;[32mRequest path: auth/register, method: POST, status: 201
&amp#27;[0;39m]]></system-out>
  </testcase>
  <testcase name="adminAuthorized" classname="dk.startcode.rest.authentication.AuthenticationResourceTest" time="0.015">
    <system-out><![CDATA[Using the TEST database via persistence-unit --> pu-test 
2023-05-08 13:19:12,278 [grizzly-http-server-7] &amp#27;[39mDEBUG&amp#27;[0;39m &amp#27;[36md.s.rest.ContainerReqResFilter&amp#27;[0;39m - &amp#27;[32mRequest path: auth/admin, method: GET, status: 200
&amp#27;[0;39m]]></system-out>
  </testcase>
  <testcase name="adminUnauthorized" classname="dk.startcode.rest.authentication.AuthenticationResourceTest" time="0.014">
    <system-out><![CDATA[2023-05-08 13:19:12,293 [grizzly-http-server-8] &amp#27;[39mDEBUG&amp#27;[0;39m &amp#27;[36md.s.rest.ContainerReqResFilter&amp#27;[0;39m - &amp#27;[32mRequest path: auth/admin, method: GET, status: 401
&amp#27;[0;39m]]></system-out>
  </testcase>
  <testcase name="denyAll" classname="dk.startcode.rest.authentication.AuthenticationResourceTest" time="0.016">
    <system-out><![CDATA[2023-05-08 13:19:12,308 [grizzly-http-server-9] &amp#27;[39mDEBUG&amp#27;[0;39m &amp#27;[36md.s.rest.ContainerReqResFilter&amp#27;[0;39m - &amp#27;[32mRequest path: auth/denyall, method: GET, status: 401
&amp#27;[0;39m]]></system-out>
  </testcase>
</testsuite>